-- The C compiler identification is GNU 11.4.0
-- The CXX compiler identification is GNU 11.4.0
-- Detecting C compiler ABI info
-- Detecting C compiler ABI info - done
-- Check for working C compiler: /usr/bin/cc - skipped
-- Detecting C compile features
-- Detecting C compile features - done
-- Detecting CXX compiler ABI info
-- Detecting CXX compiler ABI info - done
-- Check for working CXX compiler: /usr/bin/c++ - skipped
-- Detecting CXX compile features
-- Detecting CXX compile features - done
-- Found ament_cmake: 1.3.8 (/opt/ros/humble/share/ament_cmake/cmake)
-- Found Python3: /usr/bin/python3 (found version "3.10.12") found components: Interpreter 
-- Override CMake install command with custom implementation using symlinks instead of copying resources
-- Found rosidl_default_generators: 1.2.0 (/opt/ros/humble/share/rosidl_default_generators/cmake)
-- Using all available rosidl_typesupport_c: rosidl_typesupport_fastrtps_c;rosidl_typesupport_introspection_c
-- Found rosidl_adapter: 3.1.5 (/opt/ros/humble/share/rosidl_adapter/cmake)
-- Using all available rosidl_typesupport_cpp: rosidl_typesupport_fastrtps_cpp;rosidl_typesupport_introspection_cpp
-- Found ament_cmake_ros: 0.10.0 (/opt/ros/humble/share/ament_cmake_ros/cmake)
-- Using all available rosidl_typesupport_c: rosidl_typesupport_fastrtps_c;rosidl_typesupport_introspection_c
-- Using all available rosidl_typesupport_cpp: rosidl_typesupport_fastrtps_cpp;rosidl_typesupport_introspection_cpp
-- Found PythonInterp: /usr/bin/python3 (found suitable version "3.10.12", minimum required is "3.6") 
-- Found python_cmake_module: 0.10.0 (/opt/ros/humble/share/python_cmake_module/cmake)
-- Found PythonLibs: /usr/lib/x86_64-linux-gnu/libpython3.10.so (found suitable version "3.10.12", minimum required is "3.5") 
-- Using PYTHON_EXECUTABLE: /usr/bin/python3
-- Using PYTHON_INCLUDE_DIRS: /usr/include/python3.10
-- Using PYTHON_LIBRARIES: /usr/lib/x86_64-linux-gnu/libpython3.10.so
-- Found PythonExtra: .so  
-- Configuring done
-- Generating done
-- Build files have been written to: /home/giacomo/thesis_ws/build/custom_message
[  1%] [34m[1mGenerating C code for ROS interfaces[0m
[  2%] [34m[1mGenerating C++ code for ROS interfaces[0m
[  2%] Built target ament_cmake_python_symlink_custom_message
running egg_info
writing custom_message.egg-info/PKG-INFO
writing dependency_links to custom_message.egg-info/dependency_links.txt
writing top-level names to custom_message.egg-info/top_level.txt
writing manifest file 'custom_message.egg-info/SOURCES.txt'
reading manifest file 'custom_message.egg-info/SOURCES.txt'
writing manifest file 'custom_message.egg-info/SOURCES.txt'
[  2%] Built target ament_cmake_python_build_custom_message_egg
[  3%] [32mBuilding C object CMakeFiles/custom_message__rosidl_generator_c.dir/rosidl_generator_c/custom_message/msg/detail/state__functions.c.o[0m
[  4%] [32mBuilding C object CMakeFiles/custom_message__rosidl_generator_c.dir/rosidl_generator_c/custom_message/msg/detail/full_state__functions.c.o[0m
[  5%] [32mBuilding C object CMakeFiles/custom_message__rosidl_generator_c.dir/rosidl_generator_c/custom_message/msg/detail/control_inputs__functions.c.o[0m
[  6%] [32mBuilding C object CMakeFiles/custom_message__rosidl_generator_c.dir/rosidl_generator_c/custom_message/msg/detail/path__functions.c.o[0m
[  6%] Built target custom_message__cpp
[  8%] [32mBuilding C object CMakeFiles/custom_message__rosidl_generator_c.dir/rosidl_generator_c/custom_message/msg/detail/coordinate__functions.c.o[0m
[  9%] [32mBuilding C object CMakeFiles/custom_message__rosidl_generator_c.dir/rosidl_generator_c/custom_message/msg/detail/multiple_paths__functions.c.o[0m
[ 10%] [32mBuilding C object CMakeFiles/custom_message__rosidl_generator_c.dir/rosidl_generator_c/custom_message/msg/detail/multi_state__functions.c.o[0m
[ 11%] [34m[1mGenerating C++ type support dispatch for ROS interfaces[0m
[ 12%] [32mBuilding C object CMakeFiles/custom_message__rosidl_generator_c.dir/rosidl_generator_c/custom_message/msg/detail/multi_control__functions.c.o[0m
[ 13%] [34m[1mGenerating C++ introspection for ROS interfaces[0m
[ 14%] [34m[1mGenerating C++ type support for eProsima Fast-RTPS[0m
[ 16%] [32m[1mLinking C shared library libcustom_message__rosidl_generator_c.so[0m
[ 16%] Built target custom_message__rosidl_generator_c
[ 17%] [34m[1mGenerating C introspection for ROS interfaces[0m
[ 18%] [34m[1mGenerating C type support for eProsima Fast-RTPS[0m
[ 19%] [34m[1mGenerating C type support dispatch for ROS interfaces[0m
[ 20%] [32mBuilding CXX object CMakeFiles/custom_message__rosidl_typesupport_cpp.dir/rosidl_typesupport_cpp/custom_message/msg/control_inputs__type_support.cpp.o[0m
[ 21%] [32mBuilding CXX object CMakeFiles/custom_message__rosidl_typesupport_cpp.dir/rosidl_typesupport_cpp/custom_message/msg/state__type_support.cpp.o[0m
[ 22%] [32mBuilding CXX object CMakeFiles/custom_message__rosidl_typesupport_cpp.dir/rosidl_typesupport_cpp/custom_message/msg/full_state__type_support.cpp.o[0m
[ 24%] [32mBuilding CXX object CMakeFiles/custom_message__rosidl_typesupport_c.dir/rosidl_typesupport_c/custom_message/msg/control_inputs__type_support.cpp.o[0m
[ 25%] [32mBuilding CXX object CMakeFiles/custom_message__rosidl_typesupport_c.dir/rosidl_typesupport_c/custom_message/msg/state__type_support.cpp.o[0m
[ 26%] [32mBuilding CXX object CMakeFiles/custom_message__rosidl_typesupport_c.dir/rosidl_typesupport_c/custom_message/msg/full_state__type_support.cpp.o[0m
[ 27%] [32mBuilding CXX object CMakeFiles/custom_message__rosidl_typesupport_introspection_cpp.dir/rosidl_typesupport_introspection_cpp/custom_message/msg/detail/control_inputs__type_support.cpp.o[0m
[ 28%] [32mBuilding CXX object CMakeFiles/custom_message__rosidl_typesupport_c.dir/rosidl_typesupport_c/custom_message/msg/path__type_support.cpp.o[0m
[ 29%] [32mBuilding CXX object CMakeFiles/custom_message__rosidl_typesupport_cpp.dir/rosidl_typesupport_cpp/custom_message/msg/path__type_support.cpp.o[0m
[ 31%] [32mBuilding CXX object CMakeFiles/custom_message__rosidl_typesupport_fastrtps_cpp.dir/rosidl_typesupport_fastrtps_cpp/custom_message/msg/detail/dds_fastrtps/control_inputs__type_support.cpp.o[0m
[ 32%] [32mBuilding CXX object CMakeFiles/custom_message__rosidl_typesupport_c.dir/rosidl_typesupport_c/custom_message/msg/coordinate__type_support.cpp.o[0m
[ 33%] [32mBuilding CXX object CMakeFiles/custom_message__rosidl_typesupport_fastrtps_cpp.dir/rosidl_typesupport_fastrtps_cpp/custom_message/msg/detail/dds_fastrtps/state__type_support.cpp.o[0m
[ 34%] [32mBuilding CXX object CMakeFiles/custom_message__rosidl_typesupport_fastrtps_cpp.dir/rosidl_typesupport_fastrtps_cpp/custom_message/msg/detail/dds_fastrtps/full_state__type_support.cpp.o[0m
[ 35%] [32mBuilding CXX object CMakeFiles/custom_message__rosidl_typesupport_c.dir/rosidl_typesupport_c/custom_message/msg/multiple_paths__type_support.cpp.o[0m
[ 36%] [32mBuilding CXX object CMakeFiles/custom_message__rosidl_typesupport_c.dir/rosidl_typesupport_c/custom_message/msg/multi_state__type_support.cpp.o[0m
[ 37%] [32mBuilding CXX object CMakeFiles/custom_message__rosidl_typesupport_c.dir/rosidl_typesupport_c/custom_message/msg/multi_control__type_support.cpp.o[0m
[ 39%] [32mBuilding C object CMakeFiles/custom_message__rosidl_typesupport_introspection_c.dir/rosidl_typesupport_introspection_c/custom_message/msg/detail/control_inputs__type_support.c.o[0m
[ 40%] [32m[1mLinking CXX shared library libcustom_message__rosidl_typesupport_c.so[0m
[ 41%] [32mBuilding CXX object CMakeFiles/custom_message__rosidl_typesupport_fastrtps_c.dir/rosidl_typesupport_fastrtps_c/custom_message/msg/detail/control_inputs__type_support_c.cpp.o[0m
[ 42%] [32mBuilding CXX object CMakeFiles/custom_message__rosidl_typesupport_cpp.dir/rosidl_typesupport_cpp/custom_message/msg/coordinate__type_support.cpp.o[0m
[ 43%] [32mBuilding C object CMakeFiles/custom_message__rosidl_typesupport_introspection_c.dir/rosidl_typesupport_introspection_c/custom_message/msg/detail/state__type_support.c.o[0m
[ 43%] Built target custom_message__rosidl_typesupport_c
[ 44%] [32mBuilding C object CMakeFiles/custom_message__rosidl_typesupport_introspection_c.dir/rosidl_typesupport_introspection_c/custom_message/msg/detail/full_state__type_support.c.o[0m
[ 45%] [32mBuilding C object CMakeFiles/custom_message__rosidl_typesupport_introspection_c.dir/rosidl_typesupport_introspection_c/custom_message/msg/detail/path__type_support.c.o[0m
[ 47%] [32mBuilding C object CMakeFiles/custom_message__rosidl_typesupport_introspection_c.dir/rosidl_typesupport_introspection_c/custom_message/msg/detail/coordinate__type_support.c.o[0m
[ 48%] [32mBuilding C object CMakeFiles/custom_message__rosidl_typesupport_introspection_c.dir/rosidl_typesupport_introspection_c/custom_message/msg/detail/multiple_paths__type_support.c.o[0m
[ 49%] [32mBuilding CXX object CMakeFiles/custom_message__rosidl_typesupport_cpp.dir/rosidl_typesupport_cpp/custom_message/msg/multiple_paths__type_support.cpp.o[0m
[ 50%] [32mBuilding C object CMakeFiles/custom_message__rosidl_typesupport_introspection_c.dir/rosidl_typesupport_introspection_c/custom_message/msg/detail/multi_state__type_support.c.o[0m
[ 51%] [32mBuilding CXX object CMakeFiles/custom_message__rosidl_typesupport_introspection_cpp.dir/rosidl_typesupport_introspection_cpp/custom_message/msg/detail/state__type_support.cpp.o[0m
[ 52%] [32mBuilding CXX object CMakeFiles/custom_message__rosidl_typesupport_introspection_cpp.dir/rosidl_typesupport_introspection_cpp/custom_message/msg/detail/full_state__type_support.cpp.o[0m
[ 54%] [32mBuilding C object CMakeFiles/custom_message__rosidl_typesupport_introspection_c.dir/rosidl_typesupport_introspection_c/custom_message/msg/detail/multi_control__type_support.c.o[0m
[ 55%] [32mBuilding CXX object CMakeFiles/custom_message__rosidl_typesupport_fastrtps_cpp.dir/rosidl_typesupport_fastrtps_cpp/custom_message/msg/detail/dds_fastrtps/path__type_support.cpp.o[0m
[ 56%] [32mBuilding CXX object CMakeFiles/custom_message__rosidl_typesupport_cpp.dir/rosidl_typesupport_cpp/custom_message/msg/multi_state__type_support.cpp.o[0m
[ 57%] [32mBuilding CXX object CMakeFiles/custom_message__rosidl_typesupport_cpp.dir/rosidl_typesupport_cpp/custom_message/msg/multi_control__type_support.cpp.o[0m
[ 58%] [32m[1mLinking C shared library libcustom_message__rosidl_typesupport_introspection_c.so[0m
[ 58%] Built target custom_message__rosidl_typesupport_introspection_c
[ 59%] [32mBuilding CXX object CMakeFiles/custom_message__rosidl_typesupport_introspection_cpp.dir/rosidl_typesupport_introspection_cpp/custom_message/msg/detail/path__type_support.cpp.o[0m
[ 60%] [32mBuilding CXX object CMakeFiles/custom_message__rosidl_typesupport_fastrtps_c.dir/rosidl_typesupport_fastrtps_c/custom_message/msg/detail/state__type_support_c.cpp.o[0m
[ 62%] [32mBuilding CXX object CMakeFiles/custom_message__rosidl_typesupport_introspection_cpp.dir/rosidl_typesupport_introspection_cpp/custom_message/msg/detail/coordinate__type_support.cpp.o[0m
[ 63%] [32mBuilding CXX object CMakeFiles/custom_message__rosidl_typesupport_fastrtps_cpp.dir/rosidl_typesupport_fastrtps_cpp/custom_message/msg/detail/dds_fastrtps/coordinate__type_support.cpp.o[0m
[ 64%] [32m[1mLinking CXX shared library libcustom_message__rosidl_typesupport_cpp.so[0m
[ 65%] [32mBuilding CXX object CMakeFiles/custom_message__rosidl_typesupport_introspection_cpp.dir/rosidl_typesupport_introspection_cpp/custom_message/msg/detail/multiple_paths__type_support.cpp.o[0m
[ 65%] Built target custom_message__rosidl_typesupport_cpp
[ 66%] [32mBuilding CXX object CMakeFiles/custom_message__rosidl_typesupport_introspection_cpp.dir/rosidl_typesupport_introspection_cpp/custom_message/msg/detail/multi_state__type_support.cpp.o[0m
[ 67%] [32mBuilding CXX object CMakeFiles/custom_message__rosidl_typesupport_introspection_cpp.dir/rosidl_typesupport_introspection_cpp/custom_message/msg/detail/multi_control__type_support.cpp.o[0m
[ 68%] [32mBuilding CXX object CMakeFiles/custom_message__rosidl_typesupport_fastrtps_c.dir/rosidl_typesupport_fastrtps_c/custom_message/msg/detail/full_state__type_support_c.cpp.o[0m
[ 70%] [32mBuilding CXX object CMakeFiles/custom_message__rosidl_typesupport_fastrtps_cpp.dir/rosidl_typesupport_fastrtps_cpp/custom_message/msg/detail/dds_fastrtps/multiple_paths__type_support.cpp.o[0m
[ 71%] [32mBuilding CXX object CMakeFiles/custom_message__rosidl_typesupport_fastrtps_cpp.dir/rosidl_typesupport_fastrtps_cpp/custom_message/msg/detail/dds_fastrtps/multi_state__type_support.cpp.o[0m
[ 72%] [32mBuilding CXX object CMakeFiles/custom_message__rosidl_typesupport_fastrtps_cpp.dir/rosidl_typesupport_fastrtps_cpp/custom_message/msg/detail/dds_fastrtps/multi_control__type_support.cpp.o[0m
[ 73%] [32mBuilding CXX object CMakeFiles/custom_message__rosidl_typesupport_fastrtps_c.dir/rosidl_typesupport_fastrtps_c/custom_message/msg/detail/path__type_support_c.cpp.o[0m
[ 74%] [32mBuilding CXX object CMakeFiles/custom_message__rosidl_typesupport_fastrtps_c.dir/rosidl_typesupport_fastrtps_c/custom_message/msg/detail/coordinate__type_support_c.cpp.o[0m
[ 75%] [32mBuilding CXX object CMakeFiles/custom_message__rosidl_typesupport_fastrtps_c.dir/rosidl_typesupport_fastrtps_c/custom_message/msg/detail/multiple_paths__type_support_c.cpp.o[0m
[ 77%] [32mBuilding CXX object CMakeFiles/custom_message__rosidl_typesupport_fastrtps_c.dir/rosidl_typesupport_fastrtps_c/custom_message/msg/detail/multi_state__type_support_c.cpp.o[0m
[ 78%] [32m[1mLinking CXX shared library libcustom_message__rosidl_typesupport_introspection_cpp.so[0m
[ 79%] [32mBuilding CXX object CMakeFiles/custom_message__rosidl_typesupport_fastrtps_c.dir/rosidl_typesupport_fastrtps_c/custom_message/msg/detail/multi_control__type_support_c.cpp.o[0m
[ 79%] Built target custom_message__rosidl_typesupport_introspection_cpp
[ 80%] [32m[1mLinking CXX shared library libcustom_message__rosidl_typesupport_fastrtps_cpp.so[0m
[ 80%] Built target custom_message__rosidl_typesupport_fastrtps_cpp
[ 81%] [32m[1mLinking CXX shared library libcustom_message__rosidl_typesupport_fastrtps_c.so[0m
[ 81%] Built target custom_message__rosidl_typesupport_fastrtps_c
[ 81%] Built target custom_message
[ 82%] [34m[1mGenerating Python code for ROS interfaces[0m
[ 82%] Built target custom_message__py
[ 83%] [32mBuilding C object CMakeFiles/custom_message__rosidl_generator_py.dir/rosidl_generator_py/custom_message/msg/_control_inputs_s.c.o[0m
[ 85%] [32mBuilding C object CMakeFiles/custom_message__rosidl_generator_py.dir/rosidl_generator_py/custom_message/msg/_state_s.c.o[0m
[ 86%] [32mBuilding C object CMakeFiles/custom_message__rosidl_generator_py.dir/rosidl_generator_py/custom_message/msg/_full_state_s.c.o[0m
[ 87%] [32mBuilding C object CMakeFiles/custom_message__rosidl_generator_py.dir/rosidl_generator_py/custom_message/msg/_coordinate_s.c.o[0m
[ 88%] [32mBuilding C object CMakeFiles/custom_message__rosidl_generator_py.dir/rosidl_generator_py/custom_message/msg/_path_s.c.o[0m
[ 89%] [32mBuilding C object CMakeFiles/custom_message__rosidl_generator_py.dir/rosidl_generator_py/custom_message/msg/_multi_state_s.c.o[0m
[ 90%] [32mBuilding C object CMakeFiles/custom_message__rosidl_generator_py.dir/rosidl_generator_py/custom_message/msg/_multi_control_s.c.o[0m
[ 91%] [32mBuilding C object CMakeFiles/custom_message__rosidl_generator_py.dir/rosidl_generator_py/custom_message/msg/_multiple_paths_s.c.o[0m
[ 93%] [32m[1mLinking C shared library rosidl_generator_py/custom_message/libcustom_message__rosidl_generator_py.so[0m
[ 93%] Built target custom_message__rosidl_generator_py
[ 94%] [32mBuilding C object CMakeFiles/custom_message__rosidl_typesupport_introspection_c__pyext.dir/rosidl_generator_py/custom_message/_custom_message_s.ep.rosidl_typesupport_introspection_c.c.o[0m
[ 95%] [32mBuilding C object CMakeFiles/custom_message__rosidl_typesupport_fastrtps_c__pyext.dir/rosidl_generator_py/custom_message/_custom_message_s.ep.rosidl_typesupport_fastrtps_c.c.o[0m
[ 96%] [32mBuilding C object CMakeFiles/custom_message__rosidl_typesupport_c__pyext.dir/rosidl_generator_py/custom_message/_custom_message_s.ep.rosidl_typesupport_c.c.o[0m
[ 97%] [32m[1mLinking C shared library rosidl_generator_py/custom_message/custom_message_s__rosidl_typesupport_c.cpython-310-x86_64-linux-gnu.so[0m
[ 98%] [32m[1mLinking C shared library rosidl_generator_py/custom_message/custom_message_s__rosidl_typesupport_fastrtps_c.cpython-310-x86_64-linux-gnu.so[0m
[100%] [32m[1mLinking C shared library rosidl_generator_py/custom_message/custom_message_s__rosidl_typesupport_introspection_c.cpython-310-x86_64-linux-gnu.so[0m
[100%] Built target custom_message__rosidl_typesupport_fastrtps_c__pyext
[100%] Built target custom_message__rosidl_typesupport_c__pyext
[100%] Built target custom_message__rosidl_typesupport_introspection_c__pyext
-- Install configuration: ""
-- Execute custom install script
-- Symlinking: /home/giacomo/thesis_ws/install/custom_message/share/ament_index/resource_index/rosidl_interfaces/custom_message
-- Symlinking: /home/giacomo/thesis_ws/install/custom_message/include/custom_message/custom_message/msg/control_inputs.h
-- Symlinking: /home/giacomo/thesis_ws/install/custom_message/include/custom_message/custom_message/msg/coordinate.h
-- Symlinking: /home/giacomo/thesis_ws/install/custom_message/include/custom_message/custom_message/msg/detail/control_inputs__functions.h
-- Symlinking: /home/giacomo/thesis_ws/install/custom_message/include/custom_message/custom_message/msg/detail/control_inputs__struct.h
-- Symlinking: /home/giacomo/thesis_ws/install/custom_message/include/custom_message/custom_message/msg/detail/control_inputs__type_support.h
-- Symlinking: /home/giacomo/thesis_ws/install/custom_message/include/custom_message/custom_message/msg/detail/coordinate__functions.h
-- Symlinking: /home/giacomo/thesis_ws/install/custom_message/include/custom_message/custom_message/msg/detail/coordinate__struct.h
-- Symlinking: /home/giacomo/thesis_ws/install/custom_message/include/custom_message/custom_message/msg/detail/coordinate__type_support.h
-- Symlinking: /home/giacomo/thesis_ws/install/custom_message/include/custom_message/custom_message/msg/detail/full_state__functions.h
-- Symlinking: /home/giacomo/thesis_ws/install/custom_message/include/custom_message/custom_message/msg/detail/full_state__struct.h
-- Symlinking: /home/giacomo/thesis_ws/install/custom_message/include/custom_message/custom_message/msg/detail/full_state__type_support.h
-- Symlinking: /home/giacomo/thesis_ws/install/custom_message/include/custom_message/custom_message/msg/detail/multi_control__functions.h
-- Symlinking: /home/giacomo/thesis_ws/install/custom_message/include/custom_message/custom_message/msg/detail/multi_control__struct.h
-- Symlinking: /home/giacomo/thesis_ws/install/custom_message/include/custom_message/custom_message/msg/detail/multi_control__type_support.h
-- Symlinking: /home/giacomo/thesis_ws/install/custom_message/include/custom_message/custom_message/msg/detail/multi_state__functions.h
-- Symlinking: /home/giacomo/thesis_ws/install/custom_message/include/custom_message/custom_message/msg/detail/multi_state__struct.h
-- Symlinking: /home/giacomo/thesis_ws/install/custom_message/include/custom_message/custom_message/msg/detail/multi_state__type_support.h
-- Symlinking: /home/giacomo/thesis_ws/install/custom_message/include/custom_message/custom_message/msg/detail/multiple_paths__functions.h
-- Symlinking: /home/giacomo/thesis_ws/install/custom_message/include/custom_message/custom_message/msg/detail/multiple_paths__struct.h
-- Symlinking: /home/giacomo/thesis_ws/install/custom_message/include/custom_message/custom_message/msg/detail/multiple_paths__type_support.h
-- Symlinking: /home/giacomo/thesis_ws/install/custom_message/include/custom_message/custom_message/msg/detail/path__functions.h
-- Symlinking: /home/giacomo/thesis_ws/install/custom_message/include/custom_message/custom_message/msg/detail/path__struct.h
-- Symlinking: /home/giacomo/thesis_ws/install/custom_message/include/custom_message/custom_message/msg/detail/path__type_support.h
-- Symlinking: /home/giacomo/thesis_ws/install/custom_message/include/custom_message/custom_message/msg/detail/state__functions.h
-- Symlinking: /home/giacomo/thesis_ws/install/custom_message/include/custom_message/custom_message/msg/detail/state__struct.h
-- Symlinking: /home/giacomo/thesis_ws/install/custom_message/include/custom_message/custom_message/msg/detail/state__type_support.h
-- Symlinking: /home/giacomo/thesis_ws/install/custom_message/include/custom_message/custom_message/msg/full_state.h
-- Symlinking: /home/giacomo/thesis_ws/install/custom_message/include/custom_message/custom_message/msg/multi_control.h
-- Symlinking: /home/giacomo/thesis_ws/install/custom_message/include/custom_message/custom_message/msg/multi_state.h
-- Symlinking: /home/giacomo/thesis_ws/install/custom_message/include/custom_message/custom_message/msg/multiple_paths.h
-- Symlinking: /home/giacomo/thesis_ws/install/custom_message/include/custom_message/custom_message/msg/path.h
-- Symlinking: /home/giacomo/thesis_ws/install/custom_message/include/custom_message/custom_message/msg/rosidl_generator_c__visibility_control.h
-- Symlinking: /home/giacomo/thesis_ws/install/custom_message/include/custom_message/custom_message/msg/state.h
-- Symlinking: /home/giacomo/thesis_ws/install/custom_message/share/custom_message/environment/library_path.sh
-- Symlinking: /home/giacomo/thesis_ws/install/custom_message/share/custom_message/environment/library_path.dsv
-- Symlinking: /home/giacomo/thesis_ws/install/custom_message/include/custom_message/custom_message/msg/detail/control_inputs__rosidl_typesupport_fastrtps_c.h
-- Symlinking: /home/giacomo/thesis_ws/install/custom_message/include/custom_message/custom_message/msg/detail/coordinate__rosidl_typesupport_fastrtps_c.h
-- Symlinking: /home/giacomo/thesis_ws/install/custom_message/include/custom_message/custom_message/msg/detail/full_state__rosidl_typesupport_fastrtps_c.h
-- Symlinking: /home/giacomo/thesis_ws/install/custom_message/include/custom_message/custom_message/msg/detail/multi_control__rosidl_typesupport_fastrtps_c.h
-- Symlinking: /home/giacomo/thesis_ws/install/custom_message/include/custom_message/custom_message/msg/detail/multi_state__rosidl_typesupport_fastrtps_c.h
-- Symlinking: /home/giacomo/thesis_ws/install/custom_message/include/custom_message/custom_message/msg/detail/multiple_paths__rosidl_typesupport_fastrtps_c.h
-- Symlinking: /home/giacomo/thesis_ws/install/custom_message/include/custom_message/custom_message/msg/detail/path__rosidl_typesupport_fastrtps_c.h
-- Symlinking: /home/giacomo/thesis_ws/install/custom_message/include/custom_message/custom_message/msg/detail/state__rosidl_typesupport_fastrtps_c.h
-- Symlinking: /home/giacomo/thesis_ws/install/custom_message/include/custom_message/custom_message/msg/rosidl_typesupport_fastrtps_c__visibility_control.h
-- Symlinking: /home/giacomo/thesis_ws/install/custom_message/include/custom_message/custom_message/msg/detail/control_inputs__rosidl_typesupport_introspection_c.h
-- Symlinking: /home/giacomo/thesis_ws/install/custom_message/include/custom_message/custom_message/msg/detail/coordinate__rosidl_typesupport_introspection_c.h
-- Symlinking: /home/giacomo/thesis_ws/install/custom_message/include/custom_message/custom_message/msg/detail/full_state__rosidl_typesupport_introspection_c.h
-- Symlinking: /home/giacomo/thesis_ws/install/custom_message/include/custom_message/custom_message/msg/detail/multi_control__rosidl_typesupport_introspection_c.h
-- Symlinking: /home/giacomo/thesis_ws/install/custom_message/include/custom_message/custom_message/msg/detail/multi_state__rosidl_typesupport_introspection_c.h
-- Symlinking: /home/giacomo/thesis_ws/install/custom_message/include/custom_message/custom_message/msg/detail/multiple_paths__rosidl_typesupport_introspection_c.h
-- Symlinking: /home/giacomo/thesis_ws/install/custom_message/include/custom_message/custom_message/msg/detail/path__rosidl_typesupport_introspection_c.h
-- Symlinking: /home/giacomo/thesis_ws/install/custom_message/include/custom_message/custom_message/msg/detail/state__rosidl_typesupport_introspection_c.h
-- Symlinking: /home/giacomo/thesis_ws/install/custom_message/include/custom_message/custom_message/msg/rosidl_typesupport_introspection_c__visibility_control.h
-- Symlinking: /home/giacomo/thesis_ws/install/custom_message/include/custom_message/custom_message/msg/control_inputs.hpp
-- Symlinking: /home/giacomo/thesis_ws/install/custom_message/include/custom_message/custom_message/msg/coordinate.hpp
-- Symlinking: /home/giacomo/thesis_ws/install/custom_message/include/custom_message/custom_message/msg/detail/control_inputs__builder.hpp
-- Symlinking: /home/giacomo/thesis_ws/install/custom_message/include/custom_message/custom_message/msg/detail/control_inputs__struct.hpp
-- Symlinking: /home/giacomo/thesis_ws/install/custom_message/include/custom_message/custom_message/msg/detail/control_inputs__traits.hpp
-- Symlinking: /home/giacomo/thesis_ws/install/custom_message/include/custom_message/custom_message/msg/detail/coordinate__builder.hpp
-- Symlinking: /home/giacomo/thesis_ws/install/custom_message/include/custom_message/custom_message/msg/detail/coordinate__struct.hpp
-- Symlinking: /home/giacomo/thesis_ws/install/custom_message/include/custom_message/custom_message/msg/detail/coordinate__traits.hpp
-- Symlinking: /home/giacomo/thesis_ws/install/custom_message/include/custom_message/custom_message/msg/detail/full_state__builder.hpp
-- Symlinking: /home/giacomo/thesis_ws/install/custom_message/include/custom_message/custom_message/msg/detail/full_state__struct.hpp
-- Symlinking: /home/giacomo/thesis_ws/install/custom_message/include/custom_message/custom_message/msg/detail/full_state__traits.hpp
-- Symlinking: /home/giacomo/thesis_ws/install/custom_message/include/custom_message/custom_message/msg/detail/multi_control__builder.hpp
-- Symlinking: /home/giacomo/thesis_ws/install/custom_message/include/custom_message/custom_message/msg/detail/multi_control__struct.hpp
-- Symlinking: /home/giacomo/thesis_ws/install/custom_message/include/custom_message/custom_message/msg/detail/multi_control__traits.hpp
-- Symlinking: /home/giacomo/thesis_ws/install/custom_message/include/custom_message/custom_message/msg/detail/multi_state__builder.hpp
-- Symlinking: /home/giacomo/thesis_ws/install/custom_message/include/custom_message/custom_message/msg/detail/multi_state__struct.hpp
-- Symlinking: /home/giacomo/thesis_ws/install/custom_message/include/custom_message/custom_message/msg/detail/multi_state__traits.hpp
-- Symlinking: /home/giacomo/thesis_ws/install/custom_message/include/custom_message/custom_message/msg/detail/multiple_paths__builder.hpp
-- Symlinking: /home/giacomo/thesis_ws/install/custom_message/include/custom_message/custom_message/msg/detail/multiple_paths__struct.hpp
-- Symlinking: /home/giacomo/thesis_ws/install/custom_message/include/custom_message/custom_message/msg/detail/multiple_paths__traits.hpp
-- Symlinking: /home/giacomo/thesis_ws/install/custom_message/include/custom_message/custom_message/msg/detail/path__builder.hpp
-- Symlinking: /home/giacomo/thesis_ws/install/custom_message/include/custom_message/custom_message/msg/detail/path__struct.hpp
-- Symlinking: /home/giacomo/thesis_ws/install/custom_message/include/custom_message/custom_message/msg/detail/path__traits.hpp
-- Symlinking: /home/giacomo/thesis_ws/install/custom_message/include/custom_message/custom_message/msg/detail/state__builder.hpp
-- Symlinking: /home/giacomo/thesis_ws/install/custom_message/include/custom_message/custom_message/msg/detail/state__struct.hpp
-- Symlinking: /home/giacomo/thesis_ws/install/custom_message/include/custom_message/custom_message/msg/detail/state__traits.hpp
-- Symlinking: /home/giacomo/thesis_ws/install/custom_message/include/custom_message/custom_message/msg/full_state.hpp
-- Symlinking: /home/giacomo/thesis_ws/install/custom_message/include/custom_message/custom_message/msg/multi_control.hpp
-- Symlinking: /home/giacomo/thesis_ws/install/custom_message/include/custom_message/custom_message/msg/multi_state.hpp
-- Symlinking: /home/giacomo/thesis_ws/install/custom_message/include/custom_message/custom_message/msg/multiple_paths.hpp
-- Symlinking: /home/giacomo/thesis_ws/install/custom_message/include/custom_message/custom_message/msg/path.hpp
-- Symlinking: /home/giacomo/thesis_ws/install/custom_message/include/custom_message/custom_message/msg/state.hpp
-- Symlinking: /home/giacomo/thesis_ws/install/custom_message/include/custom_message/custom_message/msg/detail/control_inputs__rosidl_typesupport_fastrtps_cpp.hpp
-- Symlinking: /home/giacomo/thesis_ws/install/custom_message/include/custom_message/custom_message/msg/detail/coordinate__rosidl_typesupport_fastrtps_cpp.hpp
-- Symlinking: /home/giacomo/thesis_ws/install/custom_message/include/custom_message/custom_message/msg/detail/full_state__rosidl_typesupport_fastrtps_cpp.hpp
-- Symlinking: /home/giacomo/thesis_ws/install/custom_message/include/custom_message/custom_message/msg/detail/multi_control__rosidl_typesupport_fastrtps_cpp.hpp
-- Symlinking: /home/giacomo/thesis_ws/install/custom_message/include/custom_message/custom_message/msg/detail/multi_state__rosidl_typesupport_fastrtps_cpp.hpp
-- Symlinking: /home/giacomo/thesis_ws/install/custom_message/include/custom_message/custom_message/msg/detail/multiple_paths__rosidl_typesupport_fastrtps_cpp.hpp
-- Symlinking: /home/giacomo/thesis_ws/install/custom_message/include/custom_message/custom_message/msg/detail/path__rosidl_typesupport_fastrtps_cpp.hpp
-- Symlinking: /home/giacomo/thesis_ws/install/custom_message/include/custom_message/custom_message/msg/detail/state__rosidl_typesupport_fastrtps_cpp.hpp
-- Symlinking: /home/giacomo/thesis_ws/install/custom_message/include/custom_message/custom_message/msg/rosidl_typesupport_fastrtps_cpp__visibility_control.h
-- Symlinking: /home/giacomo/thesis_ws/install/custom_message/include/custom_message/custom_message/msg/detail/control_inputs__rosidl_typesupport_introspection_cpp.hpp
-- Symlinking: /home/giacomo/thesis_ws/install/custom_message/include/custom_message/custom_message/msg/detail/coordinate__rosidl_typesupport_introspection_cpp.hpp
-- Symlinking: /home/giacomo/thesis_ws/install/custom_message/include/custom_message/custom_message/msg/detail/full_state__rosidl_typesupport_introspection_cpp.hpp
-- Symlinking: /home/giacomo/thesis_ws/install/custom_message/include/custom_message/custom_message/msg/detail/multi_control__rosidl_typesupport_introspection_cpp.hpp
-- Symlinking: /home/giacomo/thesis_ws/install/custom_message/include/custom_message/custom_message/msg/detail/multi_state__rosidl_typesupport_introspection_cpp.hpp
-- Symlinking: /home/giacomo/thesis_ws/install/custom_message/include/custom_message/custom_message/msg/detail/multiple_paths__rosidl_typesupport_introspection_cpp.hpp
-- Symlinking: /home/giacomo/thesis_ws/install/custom_message/include/custom_message/custom_message/msg/detail/path__rosidl_typesupport_introspection_cpp.hpp
-- Symlinking: /home/giacomo/thesis_ws/install/custom_message/include/custom_message/custom_message/msg/detail/state__rosidl_typesupport_introspection_cpp.hpp
-- Symlinking: /home/giacomo/thesis_ws/install/custom_message/share/custom_message/environment/pythonpath.sh
-- Symlinking: /home/giacomo/thesis_ws/install/custom_message/share/custom_message/environment/pythonpath.dsv
-- Symlinking: /home/giacomo/thesis_ws/install/custom_message/local/lib/python3.10/dist-packages/custom_message-0.0.0-py3.10.egg-info/PKG-INFO
-- Symlinking: /home/giacomo/thesis_ws/install/custom_message/local/lib/python3.10/dist-packages/custom_message-0.0.0-py3.10.egg-info/SOURCES.txt
-- Symlinking: /home/giacomo/thesis_ws/install/custom_message/local/lib/python3.10/dist-packages/custom_message-0.0.0-py3.10.egg-info/dependency_links.txt
-- Symlinking: /home/giacomo/thesis_ws/install/custom_message/local/lib/python3.10/dist-packages/custom_message-0.0.0-py3.10.egg-info/top_level.txt
-- Symlinking: /home/giacomo/thesis_ws/install/custom_message/local/lib/python3.10/dist-packages/custom_message/__init__.py
-- Symlinking: /home/giacomo/thesis_ws/install/custom_message/local/lib/python3.10/dist-packages/custom_message/_custom_message_s.ep.rosidl_typesupport_c.c
-- Symlinking: /home/giacomo/thesis_ws/install/custom_message/local/lib/python3.10/dist-packages/custom_message/_custom_message_s.ep.rosidl_typesupport_fastrtps_c.c
-- Symlinking: /home/giacomo/thesis_ws/install/custom_message/local/lib/python3.10/dist-packages/custom_message/_custom_message_s.ep.rosidl_typesupport_introspection_c.c
-- Symlinking: /home/giacomo/thesis_ws/install/custom_message/local/lib/python3.10/dist-packages/custom_message/custom_message_s__rosidl_typesupport_c.cpython-310-x86_64-linux-gnu.so
-- Symlinking: /home/giacomo/thesis_ws/install/custom_message/local/lib/python3.10/dist-packages/custom_message/custom_message_s__rosidl_typesupport_fastrtps_c.cpython-310-x86_64-linux-gnu.so
-- Symlinking: /home/giacomo/thesis_ws/install/custom_message/local/lib/python3.10/dist-packages/custom_message/custom_message_s__rosidl_typesupport_introspection_c.cpython-310-x86_64-linux-gnu.so
-- Symlinking: /home/giacomo/thesis_ws/install/custom_message/local/lib/python3.10/dist-packages/custom_message/libcustom_message__rosidl_generator_py.so
-- Symlinking: /home/giacomo/thesis_ws/install/custom_message/local/lib/python3.10/dist-packages/custom_message/msg/__init__.py
-- Symlinking: /home/giacomo/thesis_ws/install/custom_message/local/lib/python3.10/dist-packages/custom_message/msg/_control_inputs.py
-- Symlinking: /home/giacomo/thesis_ws/install/custom_message/local/lib/python3.10/dist-packages/custom_message/msg/_control_inputs_s.c
-- Symlinking: /home/giacomo/thesis_ws/install/custom_message/local/lib/python3.10/dist-packages/custom_message/msg/_coordinate.py
-- Symlinking: /home/giacomo/thesis_ws/install/custom_message/local/lib/python3.10/dist-packages/custom_message/msg/_coordinate_s.c
-- Symlinking: /home/giacomo/thesis_ws/install/custom_message/local/lib/python3.10/dist-packages/custom_message/msg/_full_state.py
-- Symlinking: /home/giacomo/thesis_ws/install/custom_message/local/lib/python3.10/dist-packages/custom_message/msg/_full_state_s.c
-- Symlinking: /home/giacomo/thesis_ws/install/custom_message/local/lib/python3.10/dist-packages/custom_message/msg/_multi_control.py
-- Symlinking: /home/giacomo/thesis_ws/install/custom_message/local/lib/python3.10/dist-packages/custom_message/msg/_multi_control_s.c
-- Symlinking: /home/giacomo/thesis_ws/install/custom_message/local/lib/python3.10/dist-packages/custom_message/msg/_multi_state.py
-- Symlinking: /home/giacomo/thesis_ws/install/custom_message/local/lib/python3.10/dist-packages/custom_message/msg/_multi_state_s.c
-- Symlinking: /home/giacomo/thesis_ws/install/custom_message/local/lib/python3.10/dist-packages/custom_message/msg/_multiple_paths.py
-- Symlinking: /home/giacomo/thesis_ws/install/custom_message/local/lib/python3.10/dist-packages/custom_message/msg/_multiple_paths_s.c
-- Symlinking: /home/giacomo/thesis_ws/install/custom_message/local/lib/python3.10/dist-packages/custom_message/msg/_path.py
-- Symlinking: /home/giacomo/thesis_ws/install/custom_message/local/lib/python3.10/dist-packages/custom_message/msg/_path_s.c
-- Symlinking: /home/giacomo/thesis_ws/install/custom_message/local/lib/python3.10/dist-packages/custom_message/msg/_state.py
-- Symlinking: /home/giacomo/thesis_ws/install/custom_message/local/lib/python3.10/dist-packages/custom_message/msg/_state_s.c
-- Up-to-date symlink: /home/giacomo/thesis_ws/install/custom_message/local/lib/python3.10/dist-packages/custom_message/custom_message_s__rosidl_typesupport_fastrtps_c.cpython-310-x86_64-linux-gnu.so
-- Up-to-date symlink: /home/giacomo/thesis_ws/install/custom_message/local/lib/python3.10/dist-packages/custom_message/custom_message_s__rosidl_typesupport_introspection_c.cpython-310-x86_64-linux-gnu.so
-- Up-to-date symlink: /home/giacomo/thesis_ws/install/custom_message/local/lib/python3.10/dist-packages/custom_message/custom_message_s__rosidl_typesupport_c.cpython-310-x86_64-linux-gnu.so
-- Symlinking: /home/giacomo/thesis_ws/install/custom_message/share/custom_message/msg/ControlInputs.idl
-- Symlinking: /home/giacomo/thesis_ws/install/custom_message/share/custom_message/msg/State.idl
-- Symlinking: /home/giacomo/thesis_ws/install/custom_message/share/custom_message/msg/FullState.idl
-- Symlinking: /home/giacomo/thesis_ws/install/custom_message/share/custom_message/msg/Path.idl
-- Symlinking: /home/giacomo/thesis_ws/install/custom_message/share/custom_message/msg/Coordinate.idl
-- Symlinking: /home/giacomo/thesis_ws/install/custom_message/share/custom_message/msg/MultiplePaths.idl
-- Symlinking: /home/giacomo/thesis_ws/install/custom_message/share/custom_message/msg/MultiState.idl
-- Symlinking: /home/giacomo/thesis_ws/install/custom_message/share/custom_message/msg/MultiControl.idl
-- Symlinking: /home/giacomo/thesis_ws/install/custom_message/share/custom_message/msg/ControlInputs.msg
-- Symlinking: /home/giacomo/thesis_ws/install/custom_message/share/custom_message/msg/State.msg
-- Symlinking: /home/giacomo/thesis_ws/install/custom_message/share/custom_message/msg/FullState.msg
-- Symlinking: /home/giacomo/thesis_ws/install/custom_message/share/custom_message/msg/Path.msg
-- Symlinking: /home/giacomo/thesis_ws/install/custom_message/share/custom_message/msg/Coordinate.msg
-- Symlinking: /home/giacomo/thesis_ws/install/custom_message/share/custom_message/msg/MultiplePaths.msg
-- Symlinking: /home/giacomo/thesis_ws/install/custom_message/share/custom_message/msg/MultiState.msg
-- Symlinking: /home/giacomo/thesis_ws/install/custom_message/share/custom_message/msg/MultiControl.msg
-- Symlinking: /home/giacomo/thesis_ws/install/custom_message/share/ament_index/resource_index/package_run_dependencies/custom_message
-- Symlinking: /home/giacomo/thesis_ws/install/custom_message/share/ament_index/resource_index/parent_prefix_path/custom_message
-- Symlinking: /home/giacomo/thesis_ws/install/custom_message/share/custom_message/environment/ament_prefix_path.sh
-- Symlinking: /home/giacomo/thesis_ws/install/custom_message/share/custom_message/environment/ament_prefix_path.dsv
-- Symlinking: /home/giacomo/thesis_ws/install/custom_message/share/custom_message/environment/path.sh
-- Symlinking: /home/giacomo/thesis_ws/install/custom_message/share/custom_message/environment/path.dsv
-- Symlinking: /home/giacomo/thesis_ws/install/custom_message/share/custom_message/local_setup.bash
-- Symlinking: /home/giacomo/thesis_ws/install/custom_message/share/custom_message/local_setup.sh
-- Symlinking: /home/giacomo/thesis_ws/install/custom_message/share/custom_message/local_setup.zsh
-- Symlinking: /home/giacomo/thesis_ws/install/custom_message/share/custom_message/local_setup.dsv
-- Symlinking: /home/giacomo/thesis_ws/install/custom_message/share/custom_message/package.dsv
-- Symlinking: /home/giacomo/thesis_ws/install/custom_message/share/ament_index/resource_index/packages/custom_message
-- Symlinking: /home/giacomo/thesis_ws/install/custom_message/share/custom_message/cmake/rosidl_cmake-extras.cmake
-- Symlinking: /home/giacomo/thesis_ws/install/custom_message/share/custom_message/cmake/ament_cmake_export_include_directories-extras.cmake
-- Symlinking: /home/giacomo/thesis_ws/install/custom_message/share/custom_message/cmake/ament_cmake_export_libraries-extras.cmake
-- Symlinking: /home/giacomo/thesis_ws/install/custom_message/share/custom_message/cmake/ament_cmake_export_targets-extras.cmake
-- Symlinking: /home/giacomo/thesis_ws/install/custom_message/share/custom_message/cmake/rosidl_cmake_export_typesupport_targets-extras.cmake
-- Symlinking: /home/giacomo/thesis_ws/install/custom_message/share/custom_message/cmake/ament_cmake_export_dependencies-extras.cmake
-- Symlinking: /home/giacomo/thesis_ws/install/custom_message/share/custom_message/cmake/rosidl_cmake_export_typesupport_libraries-extras.cmake
-- Symlinking: /home/giacomo/thesis_ws/install/custom_message/share/custom_message/cmake/custom_messageConfig.cmake
-- Symlinking: /home/giacomo/thesis_ws/install/custom_message/share/custom_message/cmake/custom_messageConfig-version.cmake
-- Symlinking: /home/giacomo/thesis_ws/install/custom_message/share/custom_message/package.xml
-- Installing: /home/giacomo/thesis_ws/install/custom_message/lib/libcustom_message__rosidl_generator_c.so
-- Set runtime path of "/home/giacomo/thesis_ws/install/custom_message/lib/libcustom_message__rosidl_generator_c.so" to ""
-- Installing: /home/giacomo/thesis_ws/install/custom_message/lib/libcustom_message__rosidl_typesupport_fastrtps_c.so
-- Set runtime path of "/home/giacomo/thesis_ws/install/custom_message/lib/libcustom_message__rosidl_typesupport_fastrtps_c.so" to ""
-- Installing: /home/giacomo/thesis_ws/install/custom_message/lib/libcustom_message__rosidl_typesupport_introspection_c.so
-- Set runtime path of "/home/giacomo/thesis_ws/install/custom_message/lib/libcustom_message__rosidl_typesupport_introspection_c.so" to ""
-- Installing: /home/giacomo/thesis_ws/install/custom_message/lib/libcustom_message__rosidl_typesupport_c.so
-- Set runtime path of "/home/giacomo/thesis_ws/install/custom_message/lib/libcustom_message__rosidl_typesupport_c.so" to ""
-- Installing: /home/giacomo/thesis_ws/install/custom_message/lib/libcustom_message__rosidl_typesupport_fastrtps_cpp.so
-- Set runtime path of "/home/giacomo/thesis_ws/install/custom_message/lib/libcustom_message__rosidl_typesupport_fastrtps_cpp.so" to ""
-- Installing: /home/giacomo/thesis_ws/install/custom_message/lib/libcustom_message__rosidl_typesupport_introspection_cpp.so
-- Set runtime path of "/home/giacomo/thesis_ws/install/custom_message/lib/libcustom_message__rosidl_typesupport_introspection_cpp.so" to ""
-- Installing: /home/giacomo/thesis_ws/install/custom_message/lib/libcustom_message__rosidl_typesupport_cpp.so
-- Set runtime path of "/home/giacomo/thesis_ws/install/custom_message/lib/libcustom_message__rosidl_typesupport_cpp.so" to ""
Listing '/home/giacomo/thesis_ws/install/custom_message/local/lib/python3.10/dist-packages/custom_message'...
Compiling '/home/giacomo/thesis_ws/install/custom_message/local/lib/python3.10/dist-packages/custom_message/__init__.py'...
Listing '/home/giacomo/thesis_ws/install/custom_message/local/lib/python3.10/dist-packages/custom_message/msg'...
Compiling '/home/giacomo/thesis_ws/install/custom_message/local/lib/python3.10/dist-packages/custom_message/msg/__init__.py'...
Compiling '/home/giacomo/thesis_ws/install/custom_message/local/lib/python3.10/dist-packages/custom_message/msg/_control_inputs.py'...
Compiling '/home/giacomo/thesis_ws/install/custom_message/local/lib/python3.10/dist-packages/custom_message/msg/_coordinate.py'...
Compiling '/home/giacomo/thesis_ws/install/custom_message/local/lib/python3.10/dist-packages/custom_message/msg/_full_state.py'...
Compiling '/home/giacomo/thesis_ws/install/custom_message/local/lib/python3.10/dist-packages/custom_message/msg/_multi_control.py'...
Compiling '/home/giacomo/thesis_ws/install/custom_message/local/lib/python3.10/dist-packages/custom_message/msg/_multi_state.py'...
Compiling '/home/giacomo/thesis_ws/install/custom_message/local/lib/python3.10/dist-packages/custom_message/msg/_multiple_paths.py'...
Compiling '/home/giacomo/thesis_ws/install/custom_message/local/lib/python3.10/dist-packages/custom_message/msg/_path.py'...
Compiling '/home/giacomo/thesis_ws/install/custom_message/local/lib/python3.10/dist-packages/custom_message/msg/_state.py'...
-- Installing: /home/giacomo/thesis_ws/install/custom_message/lib/libcustom_message__rosidl_generator_py.so
-- Set runtime path of "/home/giacomo/thesis_ws/install/custom_message/lib/libcustom_message__rosidl_generator_py.so" to ""
-- Installing: /home/giacomo/thesis_ws/install/custom_message/share/custom_message/cmake/export_custom_message__rosidl_generator_cExport.cmake
-- Installing: /home/giacomo/thesis_ws/install/custom_message/share/custom_message/cmake/export_custom_message__rosidl_generator_cExport-noconfig.cmake
-- Installing: /home/giacomo/thesis_ws/install/custom_message/share/custom_message/cmake/export_custom_message__rosidl_typesupport_fastrtps_cExport.cmake
-- Installing: /home/giacomo/thesis_ws/install/custom_message/share/custom_message/cmake/export_custom_message__rosidl_typesupport_fastrtps_cExport-noconfig.cmake
-- Installing: /home/giacomo/thesis_ws/install/custom_message/share/custom_message/cmake/custom_message__rosidl_typesupport_introspection_cExport.cmake
-- Installing: /home/giacomo/thesis_ws/install/custom_message/share/custom_message/cmake/custom_message__rosidl_typesupport_introspection_cExport-noconfig.cmake
-- Installing: /home/giacomo/thesis_ws/install/custom_message/share/custom_message/cmake/custom_message__rosidl_typesupport_cExport.cmake
-- Installing: /home/giacomo/thesis_ws/install/custom_message/share/custom_message/cmake/custom_message__rosidl_typesupport_cExport-noconfig.cmake
-- Installing: /home/giacomo/thesis_ws/install/custom_message/share/custom_message/cmake/export_custom_message__rosidl_generator_cppExport.cmake
-- Installing: /home/giacomo/thesis_ws/install/custom_message/share/custom_message/cmake/export_custom_message__rosidl_typesupport_fastrtps_cppExport.cmake
-- Installing: /home/giacomo/thesis_ws/install/custom_message/share/custom_message/cmake/export_custom_message__rosidl_typesupport_fastrtps_cppExport-noconfig.cmake
-- Installing: /home/giacomo/thesis_ws/install/custom_message/share/custom_message/cmake/custom_message__rosidl_typesupport_introspection_cppExport.cmake
-- Installing: /home/giacomo/thesis_ws/install/custom_message/share/custom_message/cmake/custom_message__rosidl_typesupport_introspection_cppExport-noconfig.cmake
-- Installing: /home/giacomo/thesis_ws/install/custom_message/share/custom_message/cmake/custom_message__rosidl_typesupport_cppExport.cmake
-- Installing: /home/giacomo/thesis_ws/install/custom_message/share/custom_message/cmake/custom_message__rosidl_typesupport_cppExport-noconfig.cmake
-- Installing: /home/giacomo/thesis_ws/install/custom_message/share/custom_message/cmake/export_custom_message__rosidl_generator_pyExport.cmake
-- Installing: /home/giacomo/thesis_ws/install/custom_message/share/custom_message/cmake/export_custom_message__rosidl_generator_pyExport-noconfig.cmake
