[0.053s] Invoking command in '/home/giacomo/thesis_ws/build/custom_message': CMAKE_PREFIX_PATH=${CMAKE_PREFIX_PATH}:/home/giacomo/thesis_ws/install/seed_simulation:/home/giacomo/thesis_ws/install/planner:/home/giacomo/thesis_ws/install/mpc_dev:/home/giacomo/thesis_ws/install/lbp_dev:/home/giacomo/thesis_ws/install/dwa_dev:/home/giacomo/thesis_ws/install/bumper_cars:/home/giacomo/thesis_ws/install/cbf_dev:/home/giacomo/ros2_ws/install/py_pubsub:/home/giacomo/ros2_ws/install/my_robot_controller:/home/giacomo/ros2_ws/install/py_srvcli:/opt/ros/humble /usr/bin/cmake /home/giacomo/thesis_ws/src/custom_message -DAMENT_CMAKE_SYMLINK_INSTALL=1 -DCMAKE_INSTALL_PREFIX=/home/giacomo/thesis_ws/install/custom_message
[1.649s] -- The C compiler identification is GNU 11.4.0
[1.649s] -- The CXX compiler identification is GNU 11.4.0
[1.650s] -- Detecting C compiler ABI info
[1.651s] -- Detecting C compiler ABI info - done
[1.651s] -- Check for working C compiler: /usr/bin/cc - skipped
[1.651s] -- Detecting C compile features
[1.652s] -- Detecting C compile features - done
[1.653s] -- Detecting CXX compiler ABI info
[1.654s] -- Detecting CXX compiler ABI info - done
[1.654s] -- Check for working CXX compiler: /usr/bin/c++ - skipped
[1.655s] -- Detecting CXX compile features
[1.655s] -- Detecting CXX compile features - done
[1.656s] -- Found ament_cmake: 1.3.8 (/opt/ros/humble/share/ament_cmake/cmake)
[1.658s] -- Found Python3: /usr/bin/python3 (found version "3.10.12") found components: Interpreter 
[1.658s] -- Override CMake install command with custom implementation using symlinks instead of copying resources
[1.658s] -- Found rosidl_default_generators: 1.2.0 (/opt/ros/humble/share/rosidl_default_generators/cmake)
[1.659s] -- Using all available rosidl_typesupport_c: rosidl_typesupport_fastrtps_c;rosidl_typesupport_introspection_c
[1.660s] -- Found rosidl_adapter: 3.1.5 (/opt/ros/humble/share/rosidl_adapter/cmake)
[1.661s] -- Using all available rosidl_typesupport_cpp: rosidl_typesupport_fastrtps_cpp;rosidl_typesupport_introspection_cpp
[1.662s] -- Found ament_cmake_ros: 0.10.0 (/opt/ros/humble/share/ament_cmake_ros/cmake)
[2.062s] -- Using all available rosidl_typesupport_c: rosidl_typesupport_fastrtps_c;rosidl_typesupport_introspection_c
[2.833s] -- Using all available rosidl_typesupport_cpp: rosidl_typesupport_fastrtps_cpp;rosidl_typesupport_introspection_cpp
[2.903s] -- Found PythonInterp: /usr/bin/python3 (found suitable version "3.10.12", minimum required is "3.6") 
[2.912s] -- Found python_cmake_module: 0.10.0 (/opt/ros/humble/share/python_cmake_module/cmake)
[2.990s] -- Found PythonLibs: /usr/lib/x86_64-linux-gnu/libpython3.10.so (found suitable version "3.10.12", minimum required is "3.5") 
[2.991s] -- Using PYTHON_EXECUTABLE: /usr/bin/python3
[2.992s] -- Using PYTHON_INCLUDE_DIRS: /usr/include/python3.10
[2.994s] -- Using PYTHON_LIBRARIES: /usr/lib/x86_64-linux-gnu/libpython3.10.so
[3.062s] -- Found PythonExtra: .so  
[3.338s] -- Configuring done
[3.531s] -- Generating done
[3.531s] -- Build files have been written to: /home/giacomo/thesis_ws/build/custom_message
[3.556s] Invoked command in '/home/giacomo/thesis_ws/build/custom_message' returned '0': CMAKE_PREFIX_PATH=${CMAKE_PREFIX_PATH}:/home/giacomo/thesis_ws/install/seed_simulation:/home/giacomo/thesis_ws/install/planner:/home/giacomo/thesis_ws/install/mpc_dev:/home/giacomo/thesis_ws/install/lbp_dev:/home/giacomo/thesis_ws/install/dwa_dev:/home/giacomo/thesis_ws/install/bumper_cars:/home/giacomo/thesis_ws/install/cbf_dev:/home/giacomo/ros2_ws/install/py_pubsub:/home/giacomo/ros2_ws/install/my_robot_controller:/home/giacomo/ros2_ws/install/py_srvcli:/opt/ros/humble /usr/bin/cmake /home/giacomo/thesis_ws/src/custom_message -DAMENT_CMAKE_SYMLINK_INSTALL=1 -DCMAKE_INSTALL_PREFIX=/home/giacomo/thesis_ws/install/custom_message
[3.557s] Invoking command in '/home/giacomo/thesis_ws/build/custom_message': CMAKE_PREFIX_PATH=${CMAKE_PREFIX_PATH}:/home/giacomo/thesis_ws/install/seed_simulation:/home/giacomo/thesis_ws/install/planner:/home/giacomo/thesis_ws/install/mpc_dev:/home/giacomo/thesis_ws/install/lbp_dev:/home/giacomo/thesis_ws/install/dwa_dev:/home/giacomo/thesis_ws/install/bumper_cars:/home/giacomo/thesis_ws/install/cbf_dev:/home/giacomo/ros2_ws/install/py_pubsub:/home/giacomo/ros2_ws/install/my_robot_controller:/home/giacomo/ros2_ws/install/py_srvcli:/opt/ros/humble /usr/bin/cmake --build /home/giacomo/thesis_ws/build/custom_message -- -j8 -l8
[5.506s] [  1%] [34m[1mGenerating C code for ROS interfaces[0m
[5.506s] [  2%] [34m[1mGenerating C++ code for ROS interfaces[0m
[5.507s] [  2%] Built target ament_cmake_python_symlink_custom_message
[5.507s] running egg_info
[5.507s] writing custom_message.egg-info/PKG-INFO
[5.507s] writing dependency_links to custom_message.egg-info/dependency_links.txt
[5.507s] writing top-level names to custom_message.egg-info/top_level.txt
[5.507s] writing manifest file 'custom_message.egg-info/SOURCES.txt'
[5.508s] reading manifest file 'custom_message.egg-info/SOURCES.txt'
[5.508s] writing manifest file 'custom_message.egg-info/SOURCES.txt'
[5.508s] [  2%] Built target ament_cmake_python_build_custom_message_egg
[6.471s] [  3%] [32mBuilding C object CMakeFiles/custom_message__rosidl_generator_c.dir/rosidl_generator_c/custom_message/msg/detail/state__functions.c.o[0m
[6.480s] [  4%] [32mBuilding C object CMakeFiles/custom_message__rosidl_generator_c.dir/rosidl_generator_c/custom_message/msg/detail/full_state__functions.c.o[0m
[6.483s] [  5%] [32mBuilding C object CMakeFiles/custom_message__rosidl_generator_c.dir/rosidl_generator_c/custom_message/msg/detail/control_inputs__functions.c.o[0m
[6.491s] [  6%] [32mBuilding C object CMakeFiles/custom_message__rosidl_generator_c.dir/rosidl_generator_c/custom_message/msg/detail/path__functions.c.o[0m
[6.522s] [  6%] Built target custom_message__cpp
[6.528s] [  8%] [32mBuilding C object CMakeFiles/custom_message__rosidl_generator_c.dir/rosidl_generator_c/custom_message/msg/detail/coordinate__functions.c.o[0m
[6.537s] [  9%] [32mBuilding C object CMakeFiles/custom_message__rosidl_generator_c.dir/rosidl_generator_c/custom_message/msg/detail/multiple_paths__functions.c.o[0m
[6.548s] [ 10%] [32mBuilding C object CMakeFiles/custom_message__rosidl_generator_c.dir/rosidl_generator_c/custom_message/msg/detail/multi_state__functions.c.o[0m
[6.571s] [ 11%] [34m[1mGenerating C++ type support dispatch for ROS interfaces[0m
[6.679s] [ 12%] [32mBuilding C object CMakeFiles/custom_message__rosidl_generator_c.dir/rosidl_generator_c/custom_message/msg/detail/multi_control__functions.c.o[0m
[6.696s] [ 13%] [34m[1mGenerating C++ introspection for ROS interfaces[0m
[6.708s] [ 14%] [34m[1mGenerating C++ type support for eProsima Fast-RTPS[0m
[6.817s] [ 16%] [32m[1mLinking C shared library libcustom_message__rosidl_generator_c.so[0m
[6.908s] [ 16%] Built target custom_message__rosidl_generator_c
[6.933s] [ 17%] [34m[1mGenerating C introspection for ROS interfaces[0m
[6.935s] [ 18%] [34m[1mGenerating C type support for eProsima Fast-RTPS[0m
[6.939s] [ 19%] [34m[1mGenerating C type support dispatch for ROS interfaces[0m
[7.739s] [ 20%] [32mBuilding CXX object CMakeFiles/custom_message__rosidl_typesupport_cpp.dir/rosidl_typesupport_cpp/custom_message/msg/control_inputs__type_support.cpp.o[0m
[7.757s] [ 21%] [32mBuilding CXX object CMakeFiles/custom_message__rosidl_typesupport_cpp.dir/rosidl_typesupport_cpp/custom_message/msg/state__type_support.cpp.o[0m
[7.776s] [ 22%] [32mBuilding CXX object CMakeFiles/custom_message__rosidl_typesupport_cpp.dir/rosidl_typesupport_cpp/custom_message/msg/full_state__type_support.cpp.o[0m
[8.231s] [ 24%] [32mBuilding CXX object CMakeFiles/custom_message__rosidl_typesupport_c.dir/rosidl_typesupport_c/custom_message/msg/control_inputs__type_support.cpp.o[0m
[8.380s] [ 25%] [32mBuilding CXX object CMakeFiles/custom_message__rosidl_typesupport_c.dir/rosidl_typesupport_c/custom_message/msg/state__type_support.cpp.o[0m
[8.490s] [ 26%] [32mBuilding CXX object CMakeFiles/custom_message__rosidl_typesupport_c.dir/rosidl_typesupport_c/custom_message/msg/full_state__type_support.cpp.o[0m
[8.602s] [ 27%] [32mBuilding CXX object CMakeFiles/custom_message__rosidl_typesupport_introspection_cpp.dir/rosidl_typesupport_introspection_cpp/custom_message/msg/detail/control_inputs__type_support.cpp.o[0m
[8.610s] [ 28%] [32mBuilding CXX object CMakeFiles/custom_message__rosidl_typesupport_c.dir/rosidl_typesupport_c/custom_message/msg/path__type_support.cpp.o[0m
[8.625s] [ 29%] [32mBuilding CXX object CMakeFiles/custom_message__rosidl_typesupport_cpp.dir/rosidl_typesupport_cpp/custom_message/msg/path__type_support.cpp.o[0m
[8.673s] [ 31%] [32mBuilding CXX object CMakeFiles/custom_message__rosidl_typesupport_fastrtps_cpp.dir/rosidl_typesupport_fastrtps_cpp/custom_message/msg/detail/dds_fastrtps/control_inputs__type_support.cpp.o[0m
[8.692s] [ 32%] [32mBuilding CXX object CMakeFiles/custom_message__rosidl_typesupport_c.dir/rosidl_typesupport_c/custom_message/msg/coordinate__type_support.cpp.o[0m
[8.706s] [ 33%] [32mBuilding CXX object CMakeFiles/custom_message__rosidl_typesupport_fastrtps_cpp.dir/rosidl_typesupport_fastrtps_cpp/custom_message/msg/detail/dds_fastrtps/state__type_support.cpp.o[0m
[8.729s] [ 34%] [32mBuilding CXX object CMakeFiles/custom_message__rosidl_typesupport_fastrtps_cpp.dir/rosidl_typesupport_fastrtps_cpp/custom_message/msg/detail/dds_fastrtps/full_state__type_support.cpp.o[0m
[8.820s] [ 35%] [32mBuilding CXX object CMakeFiles/custom_message__rosidl_typesupport_c.dir/rosidl_typesupport_c/custom_message/msg/multiple_paths__type_support.cpp.o[0m
[8.948s] [ 36%] [32mBuilding CXX object CMakeFiles/custom_message__rosidl_typesupport_c.dir/rosidl_typesupport_c/custom_message/msg/multi_state__type_support.cpp.o[0m
[9.074s] [ 37%] [32mBuilding CXX object CMakeFiles/custom_message__rosidl_typesupport_c.dir/rosidl_typesupport_c/custom_message/msg/multi_control__type_support.cpp.o[0m
[9.164s] [ 39%] [32mBuilding C object CMakeFiles/custom_message__rosidl_typesupport_introspection_c.dir/rosidl_typesupport_introspection_c/custom_message/msg/detail/control_inputs__type_support.c.o[0m
[9.226s] [ 40%] [32m[1mLinking CXX shared library libcustom_message__rosidl_typesupport_c.so[0m
[9.250s] [ 41%] [32mBuilding CXX object CMakeFiles/custom_message__rosidl_typesupport_fastrtps_c.dir/rosidl_typesupport_fastrtps_c/custom_message/msg/detail/control_inputs__type_support_c.cpp.o[0m
[9.271s] [ 42%] [32mBuilding CXX object CMakeFiles/custom_message__rosidl_typesupport_cpp.dir/rosidl_typesupport_cpp/custom_message/msg/coordinate__type_support.cpp.o[0m
[9.279s] [ 43%] [32mBuilding C object CMakeFiles/custom_message__rosidl_typesupport_introspection_c.dir/rosidl_typesupport_introspection_c/custom_message/msg/detail/state__type_support.c.o[0m
[9.372s] [ 43%] Built target custom_message__rosidl_typesupport_c
[9.393s] [ 44%] [32mBuilding C object CMakeFiles/custom_message__rosidl_typesupport_introspection_c.dir/rosidl_typesupport_introspection_c/custom_message/msg/detail/full_state__type_support.c.o[0m
[9.459s] [ 45%] [32mBuilding C object CMakeFiles/custom_message__rosidl_typesupport_introspection_c.dir/rosidl_typesupport_introspection_c/custom_message/msg/detail/path__type_support.c.o[0m
[9.481s] [ 47%] [32mBuilding C object CMakeFiles/custom_message__rosidl_typesupport_introspection_c.dir/rosidl_typesupport_introspection_c/custom_message/msg/detail/coordinate__type_support.c.o[0m
[9.564s] [ 48%] [32mBuilding C object CMakeFiles/custom_message__rosidl_typesupport_introspection_c.dir/rosidl_typesupport_introspection_c/custom_message/msg/detail/multiple_paths__type_support.c.o[0m
[9.646s] [ 49%] [32mBuilding CXX object CMakeFiles/custom_message__rosidl_typesupport_cpp.dir/rosidl_typesupport_cpp/custom_message/msg/multiple_paths__type_support.cpp.o[0m
[9.684s] [ 50%] [32mBuilding C object CMakeFiles/custom_message__rosidl_typesupport_introspection_c.dir/rosidl_typesupport_introspection_c/custom_message/msg/detail/multi_state__type_support.c.o[0m
[9.773s] [ 51%] [32mBuilding CXX object CMakeFiles/custom_message__rosidl_typesupport_introspection_cpp.dir/rosidl_typesupport_introspection_cpp/custom_message/msg/detail/state__type_support.cpp.o[0m
[9.784s] [ 52%] [32mBuilding CXX object CMakeFiles/custom_message__rosidl_typesupport_introspection_cpp.dir/rosidl_typesupport_introspection_cpp/custom_message/msg/detail/full_state__type_support.cpp.o[0m
[9.827s] [ 54%] [32mBuilding C object CMakeFiles/custom_message__rosidl_typesupport_introspection_c.dir/rosidl_typesupport_introspection_c/custom_message/msg/detail/multi_control__type_support.c.o[0m
[9.871s] [ 55%] [32mBuilding CXX object CMakeFiles/custom_message__rosidl_typesupport_fastrtps_cpp.dir/rosidl_typesupport_fastrtps_cpp/custom_message/msg/detail/dds_fastrtps/path__type_support.cpp.o[0m
[9.886s] [ 56%] [32mBuilding CXX object CMakeFiles/custom_message__rosidl_typesupport_cpp.dir/rosidl_typesupport_cpp/custom_message/msg/multi_state__type_support.cpp.o[0m
[9.924s] [ 57%] [32mBuilding CXX object CMakeFiles/custom_message__rosidl_typesupport_cpp.dir/rosidl_typesupport_cpp/custom_message/msg/multi_control__type_support.cpp.o[0m
[9.934s] [ 58%] [32m[1mLinking C shared library libcustom_message__rosidl_typesupport_introspection_c.so[0m
[10.118s] [ 58%] Built target custom_message__rosidl_typesupport_introspection_c
[10.177s] [ 59%] [32mBuilding CXX object CMakeFiles/custom_message__rosidl_typesupport_introspection_cpp.dir/rosidl_typesupport_introspection_cpp/custom_message/msg/detail/path__type_support.cpp.o[0m
[10.318s] [ 60%] [32mBuilding CXX object CMakeFiles/custom_message__rosidl_typesupport_fastrtps_c.dir/rosidl_typesupport_fastrtps_c/custom_message/msg/detail/state__type_support_c.cpp.o[0m
[10.348s] [ 62%] [32mBuilding CXX object CMakeFiles/custom_message__rosidl_typesupport_introspection_cpp.dir/rosidl_typesupport_introspection_cpp/custom_message/msg/detail/coordinate__type_support.cpp.o[0m
[10.603s] [ 63%] [32mBuilding CXX object CMakeFiles/custom_message__rosidl_typesupport_fastrtps_cpp.dir/rosidl_typesupport_fastrtps_cpp/custom_message/msg/detail/dds_fastrtps/coordinate__type_support.cpp.o[0m
[10.679s] [ 64%] [32m[1mLinking CXX shared library libcustom_message__rosidl_typesupport_cpp.so[0m
[10.796s] [ 65%] [32mBuilding CXX object CMakeFiles/custom_message__rosidl_typesupport_introspection_cpp.dir/rosidl_typesupport_introspection_cpp/custom_message/msg/detail/multiple_paths__type_support.cpp.o[0m
[10.831s] [ 65%] Built target custom_message__rosidl_typesupport_cpp
[10.872s] [ 66%] [32mBuilding CXX object CMakeFiles/custom_message__rosidl_typesupport_introspection_cpp.dir/rosidl_typesupport_introspection_cpp/custom_message/msg/detail/multi_state__type_support.cpp.o[0m
[11.137s] [ 67%] [32mBuilding CXX object CMakeFiles/custom_message__rosidl_typesupport_introspection_cpp.dir/rosidl_typesupport_introspection_cpp/custom_message/msg/detail/multi_control__type_support.cpp.o[0m
[11.315s] [ 68%] [32mBuilding CXX object CMakeFiles/custom_message__rosidl_typesupport_fastrtps_c.dir/rosidl_typesupport_fastrtps_c/custom_message/msg/detail/full_state__type_support_c.cpp.o[0m
[11.447s] [ 70%] [32mBuilding CXX object CMakeFiles/custom_message__rosidl_typesupport_fastrtps_cpp.dir/rosidl_typesupport_fastrtps_cpp/custom_message/msg/detail/dds_fastrtps/multiple_paths__type_support.cpp.o[0m
[11.612s] [ 71%] [32mBuilding CXX object CMakeFiles/custom_message__rosidl_typesupport_fastrtps_cpp.dir/rosidl_typesupport_fastrtps_cpp/custom_message/msg/detail/dds_fastrtps/multi_state__type_support.cpp.o[0m
[11.833s] [ 72%] [32mBuilding CXX object CMakeFiles/custom_message__rosidl_typesupport_fastrtps_cpp.dir/rosidl_typesupport_fastrtps_cpp/custom_message/msg/detail/dds_fastrtps/multi_control__type_support.cpp.o[0m
[11.895s] [ 73%] [32mBuilding CXX object CMakeFiles/custom_message__rosidl_typesupport_fastrtps_c.dir/rosidl_typesupport_fastrtps_c/custom_message/msg/detail/path__type_support_c.cpp.o[0m
[12.017s] [ 74%] [32mBuilding CXX object CMakeFiles/custom_message__rosidl_typesupport_fastrtps_c.dir/rosidl_typesupport_fastrtps_c/custom_message/msg/detail/coordinate__type_support_c.cpp.o[0m
[12.097s] [ 75%] [32mBuilding CXX object CMakeFiles/custom_message__rosidl_typesupport_fastrtps_c.dir/rosidl_typesupport_fastrtps_c/custom_message/msg/detail/multiple_paths__type_support_c.cpp.o[0m
[12.384s] [ 77%] [32mBuilding CXX object CMakeFiles/custom_message__rosidl_typesupport_fastrtps_c.dir/rosidl_typesupport_fastrtps_c/custom_message/msg/detail/multi_state__type_support_c.cpp.o[0m
[12.450s] [ 78%] [32m[1mLinking CXX shared library libcustom_message__rosidl_typesupport_introspection_cpp.so[0m
[12.580s] [ 79%] [32mBuilding CXX object CMakeFiles/custom_message__rosidl_typesupport_fastrtps_c.dir/rosidl_typesupport_fastrtps_c/custom_message/msg/detail/multi_control__type_support_c.cpp.o[0m
[12.689s] [ 79%] Built target custom_message__rosidl_typesupport_introspection_cpp
[13.080s] [ 80%] [32m[1mLinking CXX shared library libcustom_message__rosidl_typesupport_fastrtps_cpp.so[0m
[13.223s] [ 80%] Built target custom_message__rosidl_typesupport_fastrtps_cpp
[13.327s] [ 81%] [32m[1mLinking CXX shared library libcustom_message__rosidl_typesupport_fastrtps_c.so[0m
[13.484s] [ 81%] Built target custom_message__rosidl_typesupport_fastrtps_c
[13.509s] [ 81%] Built target custom_message
[13.541s] [ 82%] [34m[1mGenerating Python code for ROS interfaces[0m
[14.948s] [ 82%] Built target custom_message__py
[14.979s] [ 83%] [32mBuilding C object CMakeFiles/custom_message__rosidl_generator_py.dir/rosidl_generator_py/custom_message/msg/_control_inputs_s.c.o[0m
[14.982s] [ 85%] [32mBuilding C object CMakeFiles/custom_message__rosidl_generator_py.dir/rosidl_generator_py/custom_message/msg/_state_s.c.o[0m
[14.984s] [ 86%] [32mBuilding C object CMakeFiles/custom_message__rosidl_generator_py.dir/rosidl_generator_py/custom_message/msg/_full_state_s.c.o[0m
[14.984s] [ 87%] [32mBuilding C object CMakeFiles/custom_message__rosidl_generator_py.dir/rosidl_generator_py/custom_message/msg/_coordinate_s.c.o[0m
[14.985s] [ 88%] [32mBuilding C object CMakeFiles/custom_message__rosidl_generator_py.dir/rosidl_generator_py/custom_message/msg/_path_s.c.o[0m
[14.986s] [ 89%] [32mBuilding C object CMakeFiles/custom_message__rosidl_generator_py.dir/rosidl_generator_py/custom_message/msg/_multi_state_s.c.o[0m
[14.996s] [ 90%] [32mBuilding C object CMakeFiles/custom_message__rosidl_generator_py.dir/rosidl_generator_py/custom_message/msg/_multi_control_s.c.o[0m
[14.997s] [ 91%] [32mBuilding C object CMakeFiles/custom_message__rosidl_generator_py.dir/rosidl_generator_py/custom_message/msg/_multiple_paths_s.c.o[0m
[15.418s] [ 93%] [32m[1mLinking C shared library rosidl_generator_py/custom_message/libcustom_message__rosidl_generator_py.so[0m
[15.484s] [ 93%] Built target custom_message__rosidl_generator_py
[15.533s] [ 94%] [32mBuilding C object CMakeFiles/custom_message__rosidl_typesupport_introspection_c__pyext.dir/rosidl_generator_py/custom_message/_custom_message_s.ep.rosidl_typesupport_introspection_c.c.o[0m
[15.533s] [ 95%] [32mBuilding C object CMakeFiles/custom_message__rosidl_typesupport_fastrtps_c__pyext.dir/rosidl_generator_py/custom_message/_custom_message_s.ep.rosidl_typesupport_fastrtps_c.c.o[0m
[15.539s] [ 96%] [32mBuilding C object CMakeFiles/custom_message__rosidl_typesupport_c__pyext.dir/rosidl_generator_py/custom_message/_custom_message_s.ep.rosidl_typesupport_c.c.o[0m
[15.732s] [ 97%] [32m[1mLinking C shared library rosidl_generator_py/custom_message/custom_message_s__rosidl_typesupport_c.cpython-310-x86_64-linux-gnu.so[0m
[15.738s] [ 98%] [32m[1mLinking C shared library rosidl_generator_py/custom_message/custom_message_s__rosidl_typesupport_fastrtps_c.cpython-310-x86_64-linux-gnu.so[0m
[15.767s] [100%] [32m[1mLinking C shared library rosidl_generator_py/custom_message/custom_message_s__rosidl_typesupport_introspection_c.cpython-310-x86_64-linux-gnu.so[0m
[15.790s] [100%] Built target custom_message__rosidl_typesupport_fastrtps_c__pyext
[15.793s] [100%] Built target custom_message__rosidl_typesupport_c__pyext
[15.815s] [100%] Built target custom_message__rosidl_typesupport_introspection_c__pyext
[15.834s] Invoked command in '/home/giacomo/thesis_ws/build/custom_message' returned '0': CMAKE_PREFIX_PATH=${CMAKE_PREFIX_PATH}:/home/giacomo/thesis_ws/install/seed_simulation:/home/giacomo/thesis_ws/install/planner:/home/giacomo/thesis_ws/install/mpc_dev:/home/giacomo/thesis_ws/install/lbp_dev:/home/giacomo/thesis_ws/install/dwa_dev:/home/giacomo/thesis_ws/install/bumper_cars:/home/giacomo/thesis_ws/install/cbf_dev:/home/giacomo/ros2_ws/install/py_pubsub:/home/giacomo/ros2_ws/install/my_robot_controller:/home/giacomo/ros2_ws/install/py_srvcli:/opt/ros/humble /usr/bin/cmake --build /home/giacomo/thesis_ws/build/custom_message -- -j8 -l8
[16.099s] Invoking command in '/home/giacomo/thesis_ws/build/custom_message': CMAKE_PREFIX_PATH=${CMAKE_PREFIX_PATH}:/home/giacomo/thesis_ws/install/seed_simulation:/home/giacomo/thesis_ws/install/planner:/home/giacomo/thesis_ws/install/mpc_dev:/home/giacomo/thesis_ws/install/lbp_dev:/home/giacomo/thesis_ws/install/dwa_dev:/home/giacomo/thesis_ws/install/bumper_cars:/home/giacomo/thesis_ws/install/cbf_dev:/home/giacomo/ros2_ws/install/py_pubsub:/home/giacomo/ros2_ws/install/my_robot_controller:/home/giacomo/ros2_ws/install/py_srvcli:/opt/ros/humble /usr/bin/cmake --install /home/giacomo/thesis_ws/build/custom_message
[16.109s] -- Install configuration: ""
[16.109s] -- Execute custom install script
[16.110s] -- Symlinking: /home/giacomo/thesis_ws/install/custom_message/share/ament_index/resource_index/rosidl_interfaces/custom_message
[16.122s] -- Symlinking: /home/giacomo/thesis_ws/install/custom_message/include/custom_message/custom_message/msg/control_inputs.h
[16.134s] -- Symlinking: /home/giacomo/thesis_ws/install/custom_message/include/custom_message/custom_message/msg/coordinate.h
[16.151s] -- Symlinking: /home/giacomo/thesis_ws/install/custom_message/include/custom_message/custom_message/msg/detail/control_inputs__functions.h
[16.167s] -- Symlinking: /home/giacomo/thesis_ws/install/custom_message/include/custom_message/custom_message/msg/detail/control_inputs__struct.h
[16.183s] -- Symlinking: /home/giacomo/thesis_ws/install/custom_message/include/custom_message/custom_message/msg/detail/control_inputs__type_support.h
[16.199s] -- Symlinking: /home/giacomo/thesis_ws/install/custom_message/include/custom_message/custom_message/msg/detail/coordinate__functions.h
[16.215s] -- Symlinking: /home/giacomo/thesis_ws/install/custom_message/include/custom_message/custom_message/msg/detail/coordinate__struct.h
[16.232s] -- Symlinking: /home/giacomo/thesis_ws/install/custom_message/include/custom_message/custom_message/msg/detail/coordinate__type_support.h
[16.247s] -- Symlinking: /home/giacomo/thesis_ws/install/custom_message/include/custom_message/custom_message/msg/detail/full_state__functions.h
[16.264s] -- Symlinking: /home/giacomo/thesis_ws/install/custom_message/include/custom_message/custom_message/msg/detail/full_state__struct.h
[16.277s] -- Symlinking: /home/giacomo/thesis_ws/install/custom_message/include/custom_message/custom_message/msg/detail/full_state__type_support.h
[16.289s] -- Symlinking: /home/giacomo/thesis_ws/install/custom_message/include/custom_message/custom_message/msg/detail/multi_control__functions.h
[16.302s] -- Symlinking: /home/giacomo/thesis_ws/install/custom_message/include/custom_message/custom_message/msg/detail/multi_control__struct.h
[16.315s] -- Symlinking: /home/giacomo/thesis_ws/install/custom_message/include/custom_message/custom_message/msg/detail/multi_control__type_support.h
[16.328s] -- Symlinking: /home/giacomo/thesis_ws/install/custom_message/include/custom_message/custom_message/msg/detail/multi_state__functions.h
[16.340s] -- Symlinking: /home/giacomo/thesis_ws/install/custom_message/include/custom_message/custom_message/msg/detail/multi_state__struct.h
[16.352s] -- Symlinking: /home/giacomo/thesis_ws/install/custom_message/include/custom_message/custom_message/msg/detail/multi_state__type_support.h
[16.366s] -- Symlinking: /home/giacomo/thesis_ws/install/custom_message/include/custom_message/custom_message/msg/detail/multiple_paths__functions.h
[16.380s] -- Symlinking: /home/giacomo/thesis_ws/install/custom_message/include/custom_message/custom_message/msg/detail/multiple_paths__struct.h
[16.396s] -- Symlinking: /home/giacomo/thesis_ws/install/custom_message/include/custom_message/custom_message/msg/detail/multiple_paths__type_support.h
[16.412s] -- Symlinking: /home/giacomo/thesis_ws/install/custom_message/include/custom_message/custom_message/msg/detail/path__functions.h
[16.431s] -- Symlinking: /home/giacomo/thesis_ws/install/custom_message/include/custom_message/custom_message/msg/detail/path__struct.h
[16.449s] -- Symlinking: /home/giacomo/thesis_ws/install/custom_message/include/custom_message/custom_message/msg/detail/path__type_support.h
[16.461s] -- Symlinking: /home/giacomo/thesis_ws/install/custom_message/include/custom_message/custom_message/msg/detail/state__functions.h
[16.473s] -- Symlinking: /home/giacomo/thesis_ws/install/custom_message/include/custom_message/custom_message/msg/detail/state__struct.h
[16.484s] -- Symlinking: /home/giacomo/thesis_ws/install/custom_message/include/custom_message/custom_message/msg/detail/state__type_support.h
[16.495s] -- Symlinking: /home/giacomo/thesis_ws/install/custom_message/include/custom_message/custom_message/msg/full_state.h
[16.505s] -- Symlinking: /home/giacomo/thesis_ws/install/custom_message/include/custom_message/custom_message/msg/multi_control.h
[16.516s] -- Symlinking: /home/giacomo/thesis_ws/install/custom_message/include/custom_message/custom_message/msg/multi_state.h
[16.527s] -- Symlinking: /home/giacomo/thesis_ws/install/custom_message/include/custom_message/custom_message/msg/multiple_paths.h
[16.538s] -- Symlinking: /home/giacomo/thesis_ws/install/custom_message/include/custom_message/custom_message/msg/path.h
[16.549s] -- Symlinking: /home/giacomo/thesis_ws/install/custom_message/include/custom_message/custom_message/msg/rosidl_generator_c__visibility_control.h
[16.560s] -- Symlinking: /home/giacomo/thesis_ws/install/custom_message/include/custom_message/custom_message/msg/state.h
[16.572s] -- Symlinking: /home/giacomo/thesis_ws/install/custom_message/share/custom_message/environment/library_path.sh
[16.583s] -- Symlinking: /home/giacomo/thesis_ws/install/custom_message/share/custom_message/environment/library_path.dsv
[16.594s] -- Symlinking: /home/giacomo/thesis_ws/install/custom_message/include/custom_message/custom_message/msg/detail/control_inputs__rosidl_typesupport_fastrtps_c.h
[16.605s] -- Symlinking: /home/giacomo/thesis_ws/install/custom_message/include/custom_message/custom_message/msg/detail/coordinate__rosidl_typesupport_fastrtps_c.h
[16.616s] -- Symlinking: /home/giacomo/thesis_ws/install/custom_message/include/custom_message/custom_message/msg/detail/full_state__rosidl_typesupport_fastrtps_c.h
[16.628s] -- Symlinking: /home/giacomo/thesis_ws/install/custom_message/include/custom_message/custom_message/msg/detail/multi_control__rosidl_typesupport_fastrtps_c.h
[16.640s] -- Symlinking: /home/giacomo/thesis_ws/install/custom_message/include/custom_message/custom_message/msg/detail/multi_state__rosidl_typesupport_fastrtps_c.h
[16.654s] -- Symlinking: /home/giacomo/thesis_ws/install/custom_message/include/custom_message/custom_message/msg/detail/multiple_paths__rosidl_typesupport_fastrtps_c.h
[16.666s] -- Symlinking: /home/giacomo/thesis_ws/install/custom_message/include/custom_message/custom_message/msg/detail/path__rosidl_typesupport_fastrtps_c.h
[16.679s] -- Symlinking: /home/giacomo/thesis_ws/install/custom_message/include/custom_message/custom_message/msg/detail/state__rosidl_typesupport_fastrtps_c.h
[16.689s] -- Symlinking: /home/giacomo/thesis_ws/install/custom_message/include/custom_message/custom_message/msg/rosidl_typesupport_fastrtps_c__visibility_control.h
[16.701s] -- Symlinking: /home/giacomo/thesis_ws/install/custom_message/include/custom_message/custom_message/msg/detail/control_inputs__rosidl_typesupport_introspection_c.h
[16.712s] -- Symlinking: /home/giacomo/thesis_ws/install/custom_message/include/custom_message/custom_message/msg/detail/coordinate__rosidl_typesupport_introspection_c.h
[16.723s] -- Symlinking: /home/giacomo/thesis_ws/install/custom_message/include/custom_message/custom_message/msg/detail/full_state__rosidl_typesupport_introspection_c.h
[16.734s] -- Symlinking: /home/giacomo/thesis_ws/install/custom_message/include/custom_message/custom_message/msg/detail/multi_control__rosidl_typesupport_introspection_c.h
[16.746s] -- Symlinking: /home/giacomo/thesis_ws/install/custom_message/include/custom_message/custom_message/msg/detail/multi_state__rosidl_typesupport_introspection_c.h
[16.757s] -- Symlinking: /home/giacomo/thesis_ws/install/custom_message/include/custom_message/custom_message/msg/detail/multiple_paths__rosidl_typesupport_introspection_c.h
[16.769s] -- Symlinking: /home/giacomo/thesis_ws/install/custom_message/include/custom_message/custom_message/msg/detail/path__rosidl_typesupport_introspection_c.h
[16.783s] -- Symlinking: /home/giacomo/thesis_ws/install/custom_message/include/custom_message/custom_message/msg/detail/state__rosidl_typesupport_introspection_c.h
[16.794s] -- Symlinking: /home/giacomo/thesis_ws/install/custom_message/include/custom_message/custom_message/msg/rosidl_typesupport_introspection_c__visibility_control.h
[16.806s] -- Symlinking: /home/giacomo/thesis_ws/install/custom_message/include/custom_message/custom_message/msg/control_inputs.hpp
[16.817s] -- Symlinking: /home/giacomo/thesis_ws/install/custom_message/include/custom_message/custom_message/msg/coordinate.hpp
[16.829s] -- Symlinking: /home/giacomo/thesis_ws/install/custom_message/include/custom_message/custom_message/msg/detail/control_inputs__builder.hpp
[16.841s] -- Symlinking: /home/giacomo/thesis_ws/install/custom_message/include/custom_message/custom_message/msg/detail/control_inputs__struct.hpp
[16.852s] -- Symlinking: /home/giacomo/thesis_ws/install/custom_message/include/custom_message/custom_message/msg/detail/control_inputs__traits.hpp
[16.863s] -- Symlinking: /home/giacomo/thesis_ws/install/custom_message/include/custom_message/custom_message/msg/detail/coordinate__builder.hpp
[16.875s] -- Symlinking: /home/giacomo/thesis_ws/install/custom_message/include/custom_message/custom_message/msg/detail/coordinate__struct.hpp
[16.886s] -- Symlinking: /home/giacomo/thesis_ws/install/custom_message/include/custom_message/custom_message/msg/detail/coordinate__traits.hpp
[16.897s] -- Symlinking: /home/giacomo/thesis_ws/install/custom_message/include/custom_message/custom_message/msg/detail/full_state__builder.hpp
[16.908s] -- Symlinking: /home/giacomo/thesis_ws/install/custom_message/include/custom_message/custom_message/msg/detail/full_state__struct.hpp
[16.919s] -- Symlinking: /home/giacomo/thesis_ws/install/custom_message/include/custom_message/custom_message/msg/detail/full_state__traits.hpp
[16.936s] -- Symlinking: /home/giacomo/thesis_ws/install/custom_message/include/custom_message/custom_message/msg/detail/multi_control__builder.hpp
[16.948s] -- Symlinking: /home/giacomo/thesis_ws/install/custom_message/include/custom_message/custom_message/msg/detail/multi_control__struct.hpp
[16.958s] -- Symlinking: /home/giacomo/thesis_ws/install/custom_message/include/custom_message/custom_message/msg/detail/multi_control__traits.hpp
[16.969s] -- Symlinking: /home/giacomo/thesis_ws/install/custom_message/include/custom_message/custom_message/msg/detail/multi_state__builder.hpp
[16.980s] -- Symlinking: /home/giacomo/thesis_ws/install/custom_message/include/custom_message/custom_message/msg/detail/multi_state__struct.hpp
[16.991s] -- Symlinking: /home/giacomo/thesis_ws/install/custom_message/include/custom_message/custom_message/msg/detail/multi_state__traits.hpp
[17.002s] -- Symlinking: /home/giacomo/thesis_ws/install/custom_message/include/custom_message/custom_message/msg/detail/multiple_paths__builder.hpp
[17.013s] -- Symlinking: /home/giacomo/thesis_ws/install/custom_message/include/custom_message/custom_message/msg/detail/multiple_paths__struct.hpp
[17.024s] -- Symlinking: /home/giacomo/thesis_ws/install/custom_message/include/custom_message/custom_message/msg/detail/multiple_paths__traits.hpp
[17.035s] -- Symlinking: /home/giacomo/thesis_ws/install/custom_message/include/custom_message/custom_message/msg/detail/path__builder.hpp
[17.046s] -- Symlinking: /home/giacomo/thesis_ws/install/custom_message/include/custom_message/custom_message/msg/detail/path__struct.hpp
[17.058s] -- Symlinking: /home/giacomo/thesis_ws/install/custom_message/include/custom_message/custom_message/msg/detail/path__traits.hpp
[17.068s] -- Symlinking: /home/giacomo/thesis_ws/install/custom_message/include/custom_message/custom_message/msg/detail/state__builder.hpp
[17.081s] -- Symlinking: /home/giacomo/thesis_ws/install/custom_message/include/custom_message/custom_message/msg/detail/state__struct.hpp
[17.092s] -- Symlinking: /home/giacomo/thesis_ws/install/custom_message/include/custom_message/custom_message/msg/detail/state__traits.hpp
[17.102s] -- Symlinking: /home/giacomo/thesis_ws/install/custom_message/include/custom_message/custom_message/msg/full_state.hpp
[17.115s] -- Symlinking: /home/giacomo/thesis_ws/install/custom_message/include/custom_message/custom_message/msg/multi_control.hpp
[17.127s] -- Symlinking: /home/giacomo/thesis_ws/install/custom_message/include/custom_message/custom_message/msg/multi_state.hpp
[17.137s] -- Symlinking: /home/giacomo/thesis_ws/install/custom_message/include/custom_message/custom_message/msg/multiple_paths.hpp
[17.149s] -- Symlinking: /home/giacomo/thesis_ws/install/custom_message/include/custom_message/custom_message/msg/path.hpp
[17.160s] -- Symlinking: /home/giacomo/thesis_ws/install/custom_message/include/custom_message/custom_message/msg/state.hpp
[17.172s] -- Symlinking: /home/giacomo/thesis_ws/install/custom_message/include/custom_message/custom_message/msg/detail/control_inputs__rosidl_typesupport_fastrtps_cpp.hpp
[17.184s] -- Symlinking: /home/giacomo/thesis_ws/install/custom_message/include/custom_message/custom_message/msg/detail/coordinate__rosidl_typesupport_fastrtps_cpp.hpp
[17.198s] -- Symlinking: /home/giacomo/thesis_ws/install/custom_message/include/custom_message/custom_message/msg/detail/full_state__rosidl_typesupport_fastrtps_cpp.hpp
[17.208s] -- Symlinking: /home/giacomo/thesis_ws/install/custom_message/include/custom_message/custom_message/msg/detail/multi_control__rosidl_typesupport_fastrtps_cpp.hpp
[17.219s] -- Symlinking: /home/giacomo/thesis_ws/install/custom_message/include/custom_message/custom_message/msg/detail/multi_state__rosidl_typesupport_fastrtps_cpp.hpp
[17.230s] -- Symlinking: /home/giacomo/thesis_ws/install/custom_message/include/custom_message/custom_message/msg/detail/multiple_paths__rosidl_typesupport_fastrtps_cpp.hpp
[17.241s] -- Symlinking: /home/giacomo/thesis_ws/install/custom_message/include/custom_message/custom_message/msg/detail/path__rosidl_typesupport_fastrtps_cpp.hpp
[17.253s] -- Symlinking: /home/giacomo/thesis_ws/install/custom_message/include/custom_message/custom_message/msg/detail/state__rosidl_typesupport_fastrtps_cpp.hpp
[17.264s] -- Symlinking: /home/giacomo/thesis_ws/install/custom_message/include/custom_message/custom_message/msg/rosidl_typesupport_fastrtps_cpp__visibility_control.h
[17.276s] -- Symlinking: /home/giacomo/thesis_ws/install/custom_message/include/custom_message/custom_message/msg/detail/control_inputs__rosidl_typesupport_introspection_cpp.hpp
[17.287s] -- Symlinking: /home/giacomo/thesis_ws/install/custom_message/include/custom_message/custom_message/msg/detail/coordinate__rosidl_typesupport_introspection_cpp.hpp
[17.301s] -- Symlinking: /home/giacomo/thesis_ws/install/custom_message/include/custom_message/custom_message/msg/detail/full_state__rosidl_typesupport_introspection_cpp.hpp
[17.312s] -- Symlinking: /home/giacomo/thesis_ws/install/custom_message/include/custom_message/custom_message/msg/detail/multi_control__rosidl_typesupport_introspection_cpp.hpp
[17.323s] -- Symlinking: /home/giacomo/thesis_ws/install/custom_message/include/custom_message/custom_message/msg/detail/multi_state__rosidl_typesupport_introspection_cpp.hpp
[17.334s] -- Symlinking: /home/giacomo/thesis_ws/install/custom_message/include/custom_message/custom_message/msg/detail/multiple_paths__rosidl_typesupport_introspection_cpp.hpp
[17.345s] -- Symlinking: /home/giacomo/thesis_ws/install/custom_message/include/custom_message/custom_message/msg/detail/path__rosidl_typesupport_introspection_cpp.hpp
[17.356s] -- Symlinking: /home/giacomo/thesis_ws/install/custom_message/include/custom_message/custom_message/msg/detail/state__rosidl_typesupport_introspection_cpp.hpp
[17.368s] -- Symlinking: /home/giacomo/thesis_ws/install/custom_message/share/custom_message/environment/pythonpath.sh
[17.379s] -- Symlinking: /home/giacomo/thesis_ws/install/custom_message/share/custom_message/environment/pythonpath.dsv
[17.391s] -- Symlinking: /home/giacomo/thesis_ws/install/custom_message/local/lib/python3.10/dist-packages/custom_message-0.0.0-py3.10.egg-info/PKG-INFO
[17.402s] -- Symlinking: /home/giacomo/thesis_ws/install/custom_message/local/lib/python3.10/dist-packages/custom_message-0.0.0-py3.10.egg-info/SOURCES.txt
[17.413s] -- Symlinking: /home/giacomo/thesis_ws/install/custom_message/local/lib/python3.10/dist-packages/custom_message-0.0.0-py3.10.egg-info/dependency_links.txt
[17.425s] -- Symlinking: /home/giacomo/thesis_ws/install/custom_message/local/lib/python3.10/dist-packages/custom_message-0.0.0-py3.10.egg-info/top_level.txt
[17.438s] -- Symlinking: /home/giacomo/thesis_ws/install/custom_message/local/lib/python3.10/dist-packages/custom_message/__init__.py
[17.449s] -- Symlinking: /home/giacomo/thesis_ws/install/custom_message/local/lib/python3.10/dist-packages/custom_message/_custom_message_s.ep.rosidl_typesupport_c.c
[17.463s] -- Symlinking: /home/giacomo/thesis_ws/install/custom_message/local/lib/python3.10/dist-packages/custom_message/_custom_message_s.ep.rosidl_typesupport_fastrtps_c.c
[17.474s] -- Symlinking: /home/giacomo/thesis_ws/install/custom_message/local/lib/python3.10/dist-packages/custom_message/_custom_message_s.ep.rosidl_typesupport_introspection_c.c
[17.486s] -- Symlinking: /home/giacomo/thesis_ws/install/custom_message/local/lib/python3.10/dist-packages/custom_message/custom_message_s__rosidl_typesupport_c.cpython-310-x86_64-linux-gnu.so
[17.496s] -- Symlinking: /home/giacomo/thesis_ws/install/custom_message/local/lib/python3.10/dist-packages/custom_message/custom_message_s__rosidl_typesupport_fastrtps_c.cpython-310-x86_64-linux-gnu.so
[17.507s] -- Symlinking: /home/giacomo/thesis_ws/install/custom_message/local/lib/python3.10/dist-packages/custom_message/custom_message_s__rosidl_typesupport_introspection_c.cpython-310-x86_64-linux-gnu.so
[17.518s] -- Symlinking: /home/giacomo/thesis_ws/install/custom_message/local/lib/python3.10/dist-packages/custom_message/libcustom_message__rosidl_generator_py.so
[17.529s] -- Symlinking: /home/giacomo/thesis_ws/install/custom_message/local/lib/python3.10/dist-packages/custom_message/msg/__init__.py
[17.540s] -- Symlinking: /home/giacomo/thesis_ws/install/custom_message/local/lib/python3.10/dist-packages/custom_message/msg/_control_inputs.py
[17.550s] -- Symlinking: /home/giacomo/thesis_ws/install/custom_message/local/lib/python3.10/dist-packages/custom_message/msg/_control_inputs_s.c
[17.562s] -- Symlinking: /home/giacomo/thesis_ws/install/custom_message/local/lib/python3.10/dist-packages/custom_message/msg/_coordinate.py
[17.574s] -- Symlinking: /home/giacomo/thesis_ws/install/custom_message/local/lib/python3.10/dist-packages/custom_message/msg/_coordinate_s.c
[17.586s] -- Symlinking: /home/giacomo/thesis_ws/install/custom_message/local/lib/python3.10/dist-packages/custom_message/msg/_full_state.py
[17.596s] -- Symlinking: /home/giacomo/thesis_ws/install/custom_message/local/lib/python3.10/dist-packages/custom_message/msg/_full_state_s.c
[17.607s] -- Symlinking: /home/giacomo/thesis_ws/install/custom_message/local/lib/python3.10/dist-packages/custom_message/msg/_multi_control.py
[17.619s] -- Symlinking: /home/giacomo/thesis_ws/install/custom_message/local/lib/python3.10/dist-packages/custom_message/msg/_multi_control_s.c
[17.630s] -- Symlinking: /home/giacomo/thesis_ws/install/custom_message/local/lib/python3.10/dist-packages/custom_message/msg/_multi_state.py
[17.642s] -- Symlinking: /home/giacomo/thesis_ws/install/custom_message/local/lib/python3.10/dist-packages/custom_message/msg/_multi_state_s.c
[17.653s] -- Symlinking: /home/giacomo/thesis_ws/install/custom_message/local/lib/python3.10/dist-packages/custom_message/msg/_multiple_paths.py
[17.663s] -- Symlinking: /home/giacomo/thesis_ws/install/custom_message/local/lib/python3.10/dist-packages/custom_message/msg/_multiple_paths_s.c
[17.676s] -- Symlinking: /home/giacomo/thesis_ws/install/custom_message/local/lib/python3.10/dist-packages/custom_message/msg/_path.py
[17.690s] -- Symlinking: /home/giacomo/thesis_ws/install/custom_message/local/lib/python3.10/dist-packages/custom_message/msg/_path_s.c
[17.705s] -- Symlinking: /home/giacomo/thesis_ws/install/custom_message/local/lib/python3.10/dist-packages/custom_message/msg/_state.py
[17.716s] -- Symlinking: /home/giacomo/thesis_ws/install/custom_message/local/lib/python3.10/dist-packages/custom_message/msg/_state_s.c
[17.728s] -- Up-to-date symlink: /home/giacomo/thesis_ws/install/custom_message/local/lib/python3.10/dist-packages/custom_message/custom_message_s__rosidl_typesupport_fastrtps_c.cpython-310-x86_64-linux-gnu.so
[17.728s] -- Up-to-date symlink: /home/giacomo/thesis_ws/install/custom_message/local/lib/python3.10/dist-packages/custom_message/custom_message_s__rosidl_typesupport_introspection_c.cpython-310-x86_64-linux-gnu.so
[17.729s] -- Up-to-date symlink: /home/giacomo/thesis_ws/install/custom_message/local/lib/python3.10/dist-packages/custom_message/custom_message_s__rosidl_typesupport_c.cpython-310-x86_64-linux-gnu.so
[17.729s] -- Symlinking: /home/giacomo/thesis_ws/install/custom_message/share/custom_message/msg/ControlInputs.idl
[17.740s] -- Symlinking: /home/giacomo/thesis_ws/install/custom_message/share/custom_message/msg/State.idl
[17.752s] -- Symlinking: /home/giacomo/thesis_ws/install/custom_message/share/custom_message/msg/FullState.idl
[17.763s] -- Symlinking: /home/giacomo/thesis_ws/install/custom_message/share/custom_message/msg/Path.idl
[17.774s] -- Symlinking: /home/giacomo/thesis_ws/install/custom_message/share/custom_message/msg/Coordinate.idl
[17.785s] -- Symlinking: /home/giacomo/thesis_ws/install/custom_message/share/custom_message/msg/MultiplePaths.idl
[17.796s] -- Symlinking: /home/giacomo/thesis_ws/install/custom_message/share/custom_message/msg/MultiState.idl
[17.807s] -- Symlinking: /home/giacomo/thesis_ws/install/custom_message/share/custom_message/msg/MultiControl.idl
[17.818s] -- Symlinking: /home/giacomo/thesis_ws/install/custom_message/share/custom_message/msg/ControlInputs.msg
[17.829s] -- Symlinking: /home/giacomo/thesis_ws/install/custom_message/share/custom_message/msg/State.msg
[17.841s] -- Symlinking: /home/giacomo/thesis_ws/install/custom_message/share/custom_message/msg/FullState.msg
[17.853s] -- Symlinking: /home/giacomo/thesis_ws/install/custom_message/share/custom_message/msg/Path.msg
[17.864s] -- Symlinking: /home/giacomo/thesis_ws/install/custom_message/share/custom_message/msg/Coordinate.msg
[17.876s] -- Symlinking: /home/giacomo/thesis_ws/install/custom_message/share/custom_message/msg/MultiplePaths.msg
[17.891s] -- Symlinking: /home/giacomo/thesis_ws/install/custom_message/share/custom_message/msg/MultiState.msg
[17.901s] -- Symlinking: /home/giacomo/thesis_ws/install/custom_message/share/custom_message/msg/MultiControl.msg
[17.912s] -- Symlinking: /home/giacomo/thesis_ws/install/custom_message/share/ament_index/resource_index/package_run_dependencies/custom_message
[17.923s] -- Symlinking: /home/giacomo/thesis_ws/install/custom_message/share/ament_index/resource_index/parent_prefix_path/custom_message
[17.934s] -- Symlinking: /home/giacomo/thesis_ws/install/custom_message/share/custom_message/environment/ament_prefix_path.sh
[17.945s] -- Symlinking: /home/giacomo/thesis_ws/install/custom_message/share/custom_message/environment/ament_prefix_path.dsv
[17.956s] -- Symlinking: /home/giacomo/thesis_ws/install/custom_message/share/custom_message/environment/path.sh
[17.971s] -- Symlinking: /home/giacomo/thesis_ws/install/custom_message/share/custom_message/environment/path.dsv
[17.987s] -- Symlinking: /home/giacomo/thesis_ws/install/custom_message/share/custom_message/local_setup.bash
[17.998s] -- Symlinking: /home/giacomo/thesis_ws/install/custom_message/share/custom_message/local_setup.sh
[18.008s] -- Symlinking: /home/giacomo/thesis_ws/install/custom_message/share/custom_message/local_setup.zsh
[18.018s] -- Symlinking: /home/giacomo/thesis_ws/install/custom_message/share/custom_message/local_setup.dsv
[18.029s] -- Symlinking: /home/giacomo/thesis_ws/install/custom_message/share/custom_message/package.dsv
[18.040s] -- Symlinking: /home/giacomo/thesis_ws/install/custom_message/share/ament_index/resource_index/packages/custom_message
[18.050s] -- Symlinking: /home/giacomo/thesis_ws/install/custom_message/share/custom_message/cmake/rosidl_cmake-extras.cmake
[18.061s] -- Symlinking: /home/giacomo/thesis_ws/install/custom_message/share/custom_message/cmake/ament_cmake_export_include_directories-extras.cmake
[18.072s] -- Symlinking: /home/giacomo/thesis_ws/install/custom_message/share/custom_message/cmake/ament_cmake_export_libraries-extras.cmake
[18.083s] -- Symlinking: /home/giacomo/thesis_ws/install/custom_message/share/custom_message/cmake/ament_cmake_export_targets-extras.cmake
[18.094s] -- Symlinking: /home/giacomo/thesis_ws/install/custom_message/share/custom_message/cmake/rosidl_cmake_export_typesupport_targets-extras.cmake
[18.104s] -- Symlinking: /home/giacomo/thesis_ws/install/custom_message/share/custom_message/cmake/ament_cmake_export_dependencies-extras.cmake
[18.115s] -- Symlinking: /home/giacomo/thesis_ws/install/custom_message/share/custom_message/cmake/rosidl_cmake_export_typesupport_libraries-extras.cmake
[18.127s] -- Symlinking: /home/giacomo/thesis_ws/install/custom_message/share/custom_message/cmake/custom_messageConfig.cmake
[18.139s] -- Symlinking: /home/giacomo/thesis_ws/install/custom_message/share/custom_message/cmake/custom_messageConfig-version.cmake
[18.154s] -- Symlinking: /home/giacomo/thesis_ws/install/custom_message/share/custom_message/package.xml
[18.166s] -- Installing: /home/giacomo/thesis_ws/install/custom_message/lib/libcustom_message__rosidl_generator_c.so
[18.167s] -- Set runtime path of "/home/giacomo/thesis_ws/install/custom_message/lib/libcustom_message__rosidl_generator_c.so" to ""
[18.167s] -- Installing: /home/giacomo/thesis_ws/install/custom_message/lib/libcustom_message__rosidl_typesupport_fastrtps_c.so
[18.168s] -- Set runtime path of "/home/giacomo/thesis_ws/install/custom_message/lib/libcustom_message__rosidl_typesupport_fastrtps_c.so" to ""
[18.168s] -- Installing: /home/giacomo/thesis_ws/install/custom_message/lib/libcustom_message__rosidl_typesupport_introspection_c.so
[18.168s] -- Set runtime path of "/home/giacomo/thesis_ws/install/custom_message/lib/libcustom_message__rosidl_typesupport_introspection_c.so" to ""
[18.169s] -- Installing: /home/giacomo/thesis_ws/install/custom_message/lib/libcustom_message__rosidl_typesupport_c.so
[18.169s] -- Set runtime path of "/home/giacomo/thesis_ws/install/custom_message/lib/libcustom_message__rosidl_typesupport_c.so" to ""
[18.169s] -- Installing: /home/giacomo/thesis_ws/install/custom_message/lib/libcustom_message__rosidl_typesupport_fastrtps_cpp.so
[18.170s] -- Set runtime path of "/home/giacomo/thesis_ws/install/custom_message/lib/libcustom_message__rosidl_typesupport_fastrtps_cpp.so" to ""
[18.170s] -- Installing: /home/giacomo/thesis_ws/install/custom_message/lib/libcustom_message__rosidl_typesupport_introspection_cpp.so
[18.171s] -- Set runtime path of "/home/giacomo/thesis_ws/install/custom_message/lib/libcustom_message__rosidl_typesupport_introspection_cpp.so" to ""
[18.171s] -- Installing: /home/giacomo/thesis_ws/install/custom_message/lib/libcustom_message__rosidl_typesupport_cpp.so
[18.172s] -- Set runtime path of "/home/giacomo/thesis_ws/install/custom_message/lib/libcustom_message__rosidl_typesupport_cpp.so" to ""
[18.246s] Listing '/home/giacomo/thesis_ws/install/custom_message/local/lib/python3.10/dist-packages/custom_message'...
[18.246s] Compiling '/home/giacomo/thesis_ws/install/custom_message/local/lib/python3.10/dist-packages/custom_message/__init__.py'...
[18.246s] Listing '/home/giacomo/thesis_ws/install/custom_message/local/lib/python3.10/dist-packages/custom_message/msg'...
[18.246s] Compiling '/home/giacomo/thesis_ws/install/custom_message/local/lib/python3.10/dist-packages/custom_message/msg/__init__.py'...
[18.246s] Compiling '/home/giacomo/thesis_ws/install/custom_message/local/lib/python3.10/dist-packages/custom_message/msg/_control_inputs.py'...
[18.247s] Compiling '/home/giacomo/thesis_ws/install/custom_message/local/lib/python3.10/dist-packages/custom_message/msg/_coordinate.py'...
[18.247s] Compiling '/home/giacomo/thesis_ws/install/custom_message/local/lib/python3.10/dist-packages/custom_message/msg/_full_state.py'...
[18.247s] Compiling '/home/giacomo/thesis_ws/install/custom_message/local/lib/python3.10/dist-packages/custom_message/msg/_multi_control.py'...
[18.247s] Compiling '/home/giacomo/thesis_ws/install/custom_message/local/lib/python3.10/dist-packages/custom_message/msg/_multi_state.py'...
[18.247s] Compiling '/home/giacomo/thesis_ws/install/custom_message/local/lib/python3.10/dist-packages/custom_message/msg/_multiple_paths.py'...
[18.247s] Compiling '/home/giacomo/thesis_ws/install/custom_message/local/lib/python3.10/dist-packages/custom_message/msg/_path.py'...
[18.248s] Compiling '/home/giacomo/thesis_ws/install/custom_message/local/lib/python3.10/dist-packages/custom_message/msg/_state.py'...
[18.252s] -- Installing: /home/giacomo/thesis_ws/install/custom_message/lib/libcustom_message__rosidl_generator_py.so
[18.252s] -- Set runtime path of "/home/giacomo/thesis_ws/install/custom_message/lib/libcustom_message__rosidl_generator_py.so" to ""
[18.252s] -- Installing: /home/giacomo/thesis_ws/install/custom_message/share/custom_message/cmake/export_custom_message__rosidl_generator_cExport.cmake
[18.252s] -- Installing: /home/giacomo/thesis_ws/install/custom_message/share/custom_message/cmake/export_custom_message__rosidl_generator_cExport-noconfig.cmake
[18.253s] -- Installing: /home/giacomo/thesis_ws/install/custom_message/share/custom_message/cmake/export_custom_message__rosidl_typesupport_fastrtps_cExport.cmake
[18.253s] -- Installing: /home/giacomo/thesis_ws/install/custom_message/share/custom_message/cmake/export_custom_message__rosidl_typesupport_fastrtps_cExport-noconfig.cmake
[18.253s] -- Installing: /home/giacomo/thesis_ws/install/custom_message/share/custom_message/cmake/custom_message__rosidl_typesupport_introspection_cExport.cmake
[18.253s] -- Installing: /home/giacomo/thesis_ws/install/custom_message/share/custom_message/cmake/custom_message__rosidl_typesupport_introspection_cExport-noconfig.cmake
[18.253s] -- Installing: /home/giacomo/thesis_ws/install/custom_message/share/custom_message/cmake/custom_message__rosidl_typesupport_cExport.cmake
[18.253s] -- Installing: /home/giacomo/thesis_ws/install/custom_message/share/custom_message/cmake/custom_message__rosidl_typesupport_cExport-noconfig.cmake
[18.254s] -- Installing: /home/giacomo/thesis_ws/install/custom_message/share/custom_message/cmake/export_custom_message__rosidl_generator_cppExport.cmake
[18.254s] -- Installing: /home/giacomo/thesis_ws/install/custom_message/share/custom_message/cmake/export_custom_message__rosidl_typesupport_fastrtps_cppExport.cmake
[18.254s] -- Installing: /home/giacomo/thesis_ws/install/custom_message/share/custom_message/cmake/export_custom_message__rosidl_typesupport_fastrtps_cppExport-noconfig.cmake
[18.254s] -- Installing: /home/giacomo/thesis_ws/install/custom_message/share/custom_message/cmake/custom_message__rosidl_typesupport_introspection_cppExport.cmake
[18.254s] -- Installing: /home/giacomo/thesis_ws/install/custom_message/share/custom_message/cmake/custom_message__rosidl_typesupport_introspection_cppExport-noconfig.cmake
[18.255s] -- Installing: /home/giacomo/thesis_ws/install/custom_message/share/custom_message/cmake/custom_message__rosidl_typesupport_cppExport.cmake
[18.255s] -- Installing: /home/giacomo/thesis_ws/install/custom_message/share/custom_message/cmake/custom_message__rosidl_typesupport_cppExport-noconfig.cmake
[18.255s] -- Installing: /home/giacomo/thesis_ws/install/custom_message/share/custom_message/cmake/export_custom_message__rosidl_generator_pyExport.cmake
[18.255s] -- Installing: /home/giacomo/thesis_ws/install/custom_message/share/custom_message/cmake/export_custom_message__rosidl_generator_pyExport-noconfig.cmake
[18.259s] Invoked command in '/home/giacomo/thesis_ws/build/custom_message' returned '0': CMAKE_PREFIX_PATH=${CMAKE_PREFIX_PATH}:/home/giacomo/thesis_ws/install/seed_simulation:/home/giacomo/thesis_ws/install/planner:/home/giacomo/thesis_ws/install/mpc_dev:/home/giacomo/thesis_ws/install/lbp_dev:/home/giacomo/thesis_ws/install/dwa_dev:/home/giacomo/thesis_ws/install/bumper_cars:/home/giacomo/thesis_ws/install/cbf_dev:/home/giacomo/ros2_ws/install/py_pubsub:/home/giacomo/ros2_ws/install/my_robot_controller:/home/giacomo/ros2_ws/install/py_srvcli:/opt/ros/humble /usr/bin/cmake --install /home/giacomo/thesis_ws/build/custom_message
