[1.620s] Invoking command in '/home/giacomo/thesis_ws/build/urdf_example': CMAKE_PREFIX_PATH=${CMAKE_PREFIX_PATH}:/home/giacomo/thesis_ws/install/seed_simulation:/home/giacomo/thesis_ws/install/planner:/home/giacomo/thesis_ws/install/mpc_dev:/home/giacomo/thesis_ws/install/lbp_dev:/home/giacomo/thesis_ws/install/dwa_dev:/home/giacomo/thesis_ws/install/bumper_cars:/home/giacomo/thesis_ws/install/cbf_dev:/home/giacomo/ros2_ws/install/py_pubsub:/home/giacomo/ros2_ws/install/my_robot_controller:/home/giacomo/ros2_ws/install/py_srvcli:/opt/ros/humble /usr/bin/cmake /home/giacomo/thesis_ws/src/urdf_example-main/urdf_example-main -DAMENT_CMAKE_SYMLINK_INSTALL=1 -DCMAKE_INSTALL_PREFIX=/home/giacomo/thesis_ws/install/urdf_example
[1.718s] -- The C compiler identification is GNU 11.4.0
[1.849s] -- The CXX compiler identification is GNU 11.4.0
[1.867s] -- Detecting C compiler ABI info
[2.045s] -- Detecting C compiler ABI info - done
[2.067s] -- Check for working C compiler: /usr/bin/cc - skipped
[2.067s] -- Detecting C compile features
[2.068s] -- Detecting C compile features - done
[2.075s] -- Detecting CXX compiler ABI info
[2.424s] -- Detecting CXX compiler ABI info - done
[2.444s] -- Check for working CXX compiler: /usr/bin/c++ - skipped
[2.444s] -- Detecting CXX compile features
[2.444s] -- Detecting CXX compile features - done
[2.454s] -- Found ament_cmake: 1.3.8 (/opt/ros/humble/share/ament_cmake/cmake)
[3.450s] -- Found Python3: /usr/bin/python3 (found version "3.10.12") found components: Interpreter 
[3.659s] -- Override CMake install command with custom implementation using symlinks instead of copying resources
[3.821s] -- Found ament_lint_auto: 0.12.10 (/opt/ros/humble/share/ament_lint_auto/cmake)
[4.239s] -- Added test 'copyright' to check source files copyright and LICENSE
[4.252s] -- Added test 'flake8' to check Python code syntax and style conventions
[4.255s] -- Added test 'lint_cmake' to check CMake code style
[4.258s] -- Added test 'pep257' to check Python code against some of the docstring style conventions in PEP 257
[4.262s] -- Added test 'xmllint' to check XML markup files
[4.275s] -- Configuring done
[4.303s] -- Generating done
[4.305s] -- Build files have been written to: /home/giacomo/thesis_ws/build/urdf_example
[4.356s] Invoked command in '/home/giacomo/thesis_ws/build/urdf_example' returned '0': CMAKE_PREFIX_PATH=${CMAKE_PREFIX_PATH}:/home/giacomo/thesis_ws/install/seed_simulation:/home/giacomo/thesis_ws/install/planner:/home/giacomo/thesis_ws/install/mpc_dev:/home/giacomo/thesis_ws/install/lbp_dev:/home/giacomo/thesis_ws/install/dwa_dev:/home/giacomo/thesis_ws/install/bumper_cars:/home/giacomo/thesis_ws/install/cbf_dev:/home/giacomo/ros2_ws/install/py_pubsub:/home/giacomo/ros2_ws/install/my_robot_controller:/home/giacomo/ros2_ws/install/py_srvcli:/opt/ros/humble /usr/bin/cmake /home/giacomo/thesis_ws/src/urdf_example-main/urdf_example-main -DAMENT_CMAKE_SYMLINK_INSTALL=1 -DCMAKE_INSTALL_PREFIX=/home/giacomo/thesis_ws/install/urdf_example
[4.357s] Invoking command in '/home/giacomo/thesis_ws/build/urdf_example': CMAKE_PREFIX_PATH=${CMAKE_PREFIX_PATH}:/home/giacomo/thesis_ws/install/seed_simulation:/home/giacomo/thesis_ws/install/planner:/home/giacomo/thesis_ws/install/mpc_dev:/home/giacomo/thesis_ws/install/lbp_dev:/home/giacomo/thesis_ws/install/dwa_dev:/home/giacomo/thesis_ws/install/bumper_cars:/home/giacomo/thesis_ws/install/cbf_dev:/home/giacomo/ros2_ws/install/py_pubsub:/home/giacomo/ros2_ws/install/my_robot_controller:/home/giacomo/ros2_ws/install/py_srvcli:/opt/ros/humble /usr/bin/cmake --build /home/giacomo/thesis_ws/build/urdf_example -- -j8 -l8
[5.807s] Invoked command in '/home/giacomo/thesis_ws/build/urdf_example' returned '0': CMAKE_PREFIX_PATH=${CMAKE_PREFIX_PATH}:/home/giacomo/thesis_ws/install/seed_simulation:/home/giacomo/thesis_ws/install/planner:/home/giacomo/thesis_ws/install/mpc_dev:/home/giacomo/thesis_ws/install/lbp_dev:/home/giacomo/thesis_ws/install/dwa_dev:/home/giacomo/thesis_ws/install/bumper_cars:/home/giacomo/thesis_ws/install/cbf_dev:/home/giacomo/ros2_ws/install/py_pubsub:/home/giacomo/ros2_ws/install/my_robot_controller:/home/giacomo/ros2_ws/install/py_srvcli:/opt/ros/humble /usr/bin/cmake --build /home/giacomo/thesis_ws/build/urdf_example -- -j8 -l8
[5.989s] Invoking command in '/home/giacomo/thesis_ws/build/urdf_example': CMAKE_PREFIX_PATH=${CMAKE_PREFIX_PATH}:/home/giacomo/thesis_ws/install/seed_simulation:/home/giacomo/thesis_ws/install/planner:/home/giacomo/thesis_ws/install/mpc_dev:/home/giacomo/thesis_ws/install/lbp_dev:/home/giacomo/thesis_ws/install/dwa_dev:/home/giacomo/thesis_ws/install/bumper_cars:/home/giacomo/thesis_ws/install/cbf_dev:/home/giacomo/ros2_ws/install/py_pubsub:/home/giacomo/ros2_ws/install/my_robot_controller:/home/giacomo/ros2_ws/install/py_srvcli:/opt/ros/humble /usr/bin/cmake --install /home/giacomo/thesis_ws/build/urdf_example
[6.008s] -- Install configuration: ""
[6.009s] -- Execute custom install script
[6.010s] -- Symlinking: /home/giacomo/thesis_ws/install/urdf_example/share/urdf_example/description/example_gazebo.xacro
[6.033s] -- Symlinking: /home/giacomo/thesis_ws/install/urdf_example/share/urdf_example/description/example_include.xacro
[6.054s] -- Symlinking: /home/giacomo/thesis_ws/install/urdf_example/share/urdf_example/description/example_robot.urdf.xacro
[6.070s] -- Symlinking: /home/giacomo/thesis_ws/install/urdf_example/share/urdf_example/launch/rsp.launch.py
[6.096s] -- Symlinking: /home/giacomo/thesis_ws/install/urdf_example/share/urdf_example/launch/rsp_sim.launch.py
[6.123s] -- Symlinking: /home/giacomo/thesis_ws/install/urdf_example/share/urdf_example/worlds/test_world.world
[6.148s] -- Symlinking: /home/giacomo/thesis_ws/install/urdf_example/share/ament_index/resource_index/package_run_dependencies/urdf_example
[6.168s] -- Symlinking: /home/giacomo/thesis_ws/install/urdf_example/share/ament_index/resource_index/parent_prefix_path/urdf_example
[6.183s] -- Symlinking: /home/giacomo/thesis_ws/install/urdf_example/share/urdf_example/environment/ament_prefix_path.sh
[6.220s] -- Symlinking: /home/giacomo/thesis_ws/install/urdf_example/share/urdf_example/environment/ament_prefix_path.dsv
[6.233s] -- Symlinking: /home/giacomo/thesis_ws/install/urdf_example/share/urdf_example/environment/path.sh
[6.265s] -- Symlinking: /home/giacomo/thesis_ws/install/urdf_example/share/urdf_example/environment/path.dsv
[6.286s] -- Symlinking: /home/giacomo/thesis_ws/install/urdf_example/share/urdf_example/local_setup.bash
[6.333s] -- Symlinking: /home/giacomo/thesis_ws/install/urdf_example/share/urdf_example/local_setup.sh
[6.381s] -- Symlinking: /home/giacomo/thesis_ws/install/urdf_example/share/urdf_example/local_setup.zsh
[6.407s] -- Symlinking: /home/giacomo/thesis_ws/install/urdf_example/share/urdf_example/local_setup.dsv
[6.438s] -- Symlinking: /home/giacomo/thesis_ws/install/urdf_example/share/urdf_example/package.dsv
[6.462s] -- Symlinking: /home/giacomo/thesis_ws/install/urdf_example/share/ament_index/resource_index/packages/urdf_example
[6.484s] -- Symlinking: /home/giacomo/thesis_ws/install/urdf_example/share/urdf_example/cmake/urdf_exampleConfig.cmake
[6.512s] -- Symlinking: /home/giacomo/thesis_ws/install/urdf_example/share/urdf_example/cmake/urdf_exampleConfig-version.cmake
[6.532s] -- Symlinking: /home/giacomo/thesis_ws/install/urdf_example/share/urdf_example/package.xml
[6.601s] Invoked command in '/home/giacomo/thesis_ws/build/urdf_example' returned '0': CMAKE_PREFIX_PATH=${CMAKE_PREFIX_PATH}:/home/giacomo/thesis_ws/install/seed_simulation:/home/giacomo/thesis_ws/install/planner:/home/giacomo/thesis_ws/install/mpc_dev:/home/giacomo/thesis_ws/install/lbp_dev:/home/giacomo/thesis_ws/install/dwa_dev:/home/giacomo/thesis_ws/install/bumper_cars:/home/giacomo/thesis_ws/install/cbf_dev:/home/giacomo/ros2_ws/install/py_pubsub:/home/giacomo/ros2_ws/install/my_robot_controller:/home/giacomo/ros2_ws/install/py_srvcli:/opt/ros/humble /usr/bin/cmake --install /home/giacomo/thesis_ws/build/urdf_example
