running develop
/home/giacomo/.local/lib/python3.10/site-packages/setuptools/command/develop.py:40: EasyInstallDeprecationWarning: easy_install command is deprecated.
!!

        ********************************************************************************
        Please avoid running ``setup.py`` and ``easy_install``.
        Instead, use pypa/build, pypa/installer or other
        standards-based tools.

        See https://github.com/pypa/setuptools/issues/917 for details.
        ********************************************************************************

!!
  easy_install.initialize_options(self)
running egg_info
writing planner.egg-info/PKG-INFO
writing dependency_links to planner.egg-info/dependency_links.txt
writing requirements to planner.egg-info/requires.txt
writing top-level names to planner.egg-info/top_level.txt
writing manifest file 'planner.egg-info/SOURCES.txt'
reading manifest file 'planner.egg-info/SOURCES.txt'
writing manifest file 'planner.egg-info/SOURCES.txt'
running build_ext
Creating /home/giacomo/thesis_ws/install/planner/lib/python3.10/site-packages/planner.egg-link (link to .)

Installed /home/giacomo/thesis_ws/build/planner
running symlink_data
symbolically linking /home/giacomo/thesis_ws/build/planner/resource/planner -> /home/giacomo/thesis_ws/install/planner/share/ament_index/resource_index/packages
symbolically linking /home/giacomo/thesis_ws/build/planner/package.xml -> /home/giacomo/thesis_ws/install/planner/share/planner
